2020-04-29 22:55:06,014 - mmdet - INFO - Environment info:
------------------------------------------------------------
sys.platform: linux
Python: 3.7.6 (default, Jan  8 2020, 19:59:22) [GCC 7.3.0]
CUDA available: True
CUDA_HOME: /usr/local/cuda-10.1
NVCC: Cuda compilation tools, release 10.1, V10.1.243
GPU 0,1,2,3: GeForce RTX 2080 Ti
GCC: gcc (Ubuntu 8.3.0-6ubuntu1) 8.3.0
PyTorch: 1.4.0
PyTorch compiling details: PyTorch built with:
  - GCC 7.3
  - Intel(R) Math Kernel Library Version 2020.0.0 Product Build 20191122 for Intel(R) 64 architecture applications
  - Intel(R) MKL-DNN v0.21.1 (Git Hash 7d2fd500bc78936d1d648ca713b901012f470dbc)
  - OpenMP 201511 (a.k.a. OpenMP 4.5)
  - NNPACK is enabled
  - CUDA Runtime 10.1
  - NVCC architecture flags: -gencode;arch=compute_37,code=sm_37;-gencode;arch=compute_50,code=sm_50;-gencode;arch=compute_60,code=sm_60;-gencode;arch=compute_61,code=sm_61;-gencode;arch=compute_70,code=sm_70;-gencode;arch=compute_75,code=sm_75;-gencode;arch=compute_37,code=compute_37
  - CuDNN 7.6.3
  - Magma 2.5.1
  - Build settings: BLAS=MKL, BUILD_NAMEDTENSOR=OFF, BUILD_TYPE=Release, CXX_FLAGS= -Wno-deprecated -fvisibility-inlines-hidden -fopenmp -DUSE_FBGEMM -DUSE_QNNPACK -DUSE_PYTORCH_QNNPACK -O2 -fPIC -Wno-narrowing -Wall -Wextra -Wno-missing-field-initializers -Wno-type-limits -Wno-array-bounds -Wno-unknown-pragmas -Wno-sign-compare -Wno-unused-parameter -Wno-unused-variable -Wno-unused-function -Wno-unused-result -Wno-strict-overflow -Wno-strict-aliasing -Wno-error=deprecated-declarations -Wno-stringop-overflow -Wno-error=pedantic -Wno-error=redundant-decls -Wno-error=old-style-cast -fdiagnostics-color=always -faligned-new -Wno-unused-but-set-variable -Wno-maybe-uninitialized -fno-math-errno -fno-trapping-math -Wno-stringop-overflow, DISABLE_NUMA=1, PERF_WITH_AVX=1, PERF_WITH_AVX2=1, PERF_WITH_AVX512=1, USE_CUDA=ON, USE_EXCEPTION_PTR=1, USE_GFLAGS=OFF, USE_GLOG=OFF, USE_MKL=ON, USE_MKLDNN=ON, USE_MPI=OFF, USE_NCCL=ON, USE_NNPACK=ON, USE_OPENMP=ON, USE_STATIC_DISPATCH=OFF, 

TorchVision: 0.5.0
OpenCV: 4.2.0
MMCV: 0.4.4
MMDetection: 1.1.0+7dbee18
MMDetection Compiler: GCC 8.3
MMDetection CUDA Compiler: 10.1
------------------------------------------------------------

2020-04-29 22:55:06,014 - mmdet - INFO - Distributed training: False
2020-04-29 22:55:06,014 - mmdet - INFO - Config:
/home/user/wangxu_data/code/2-AutoDetect/mmdetection/configs/RetinaNet.py
# model settings
model = dict(
    type='RetinaNet',
    pretrained='open-mmlab://resnext101_32x4d',
    backbone=dict(
        type='ResNeXt',
        depth=101,
        groups=32,
        base_width=4,
        num_stages=4,
        out_indices=(0, 1, 2, 3),
        frozen_stages=1,
        style='pytorch'),
    neck=dict(
        type='FPN',
        in_channels=[256, 512, 1024, 2048],
        out_channels=256,
        start_level=1,
        add_extra_convs=True,
        num_outs=5),
    bbox_head=dict(
        type='RetinaHead',
        num_classes=2, #修改为自己数据集的类别数+1
        in_channels=256,
        stacked_convs=4,
        feat_channels=256,
        octave_base_scale=4,
        scales_per_octave=3,
        anchor_ratios=[0.5, 1.0, 2.0],
        anchor_strides=[8, 16, 32, 64, 128],
        target_means=[.0, .0, .0, .0],
        target_stds=[1.0, 1.0, 1.0, 1.0],
        loss_cls=dict(
            type='FocalLoss',
            use_sigmoid=True,
            gamma=2.0,
            alpha=0.25,
            loss_weight=1.0),
        loss_bbox=dict(type='SmoothL1Loss', beta=0.11, loss_weight=1.0)))
# training and testing settings
train_cfg = dict(
    assigner=dict(
        type='MaxIoUAssigner',
        pos_iou_thr=0.5,
        neg_iou_thr=0.4,
        min_pos_iou=0,
        ignore_iof_thr=-1),
    allowed_border=-1,
    pos_weight=-1,
    debug=False)
test_cfg = dict(
    nms_pre=1000,
    min_bbox_size=0,
    score_thr=0.05,
    nms=dict(type='nms', iou_thr=0.5),
    max_per_img=100)
# dataset settings
dataset_type = 'VOCDataset'
data_root = 'data/VOCdevkit/'
img_norm_cfg = dict(
    mean=[123.675, 116.28, 103.53], std=[58.395, 57.12, 57.375], to_rgb=True)
train_pipeline = [
    dict(type='LoadImageFromFile'),
    dict(type='LoadAnnotations', with_bbox=True),
    dict(type='Resize', img_scale=(843, 603), keep_ratio=True),
    dict(type='RandomFlip', flip_ratio=0.5),
    dict(type='Normalize', **img_norm_cfg),
    dict(type='Pad', size_divisor=32),
    dict(type='DefaultFormatBundle'),
    dict(type='Collect', keys=['img', 'gt_bboxes', 'gt_labels']),
]
test_pipeline = [
    dict(type='LoadImageFromFile'),
    dict(
        type='MultiScaleFlipAug',
        img_scale=(843, 603),
        flip=False,
        transforms=[
            dict(type='Resize', keep_ratio=True),
            dict(type='RandomFlip'),
            dict(type='Normalize', **img_norm_cfg),
            dict(type='Pad', size_divisor=32),
            dict(type='ImageToTensor', keys=['img']),
            dict(type='Collect', keys=['img']),
        ])
]
data = dict(
    imgs_per_gpu=2,
    workers_per_gpu=2,
    train=dict(
        type=dataset_type,
        ann_file=data_root + 'VOC2007/ImageSets/Main/train.txt',
        img_prefix=data_root + 'VOC2007/',
        pipeline=train_pipeline),
    val=dict(
        type=dataset_type,
        ann_file=data_root + 'VOC2007/ImageSets/Main/trainval.txt',
        img_prefix=data_root + 'VOC2007/',
        pipeline=test_pipeline),
    test=dict(
        type=dataset_type,
        ann_file=data_root + 'VOC2007/ImageSets/Main/test.txt',
        img_prefix=data_root + 'VOC2007/',
        pipeline=test_pipeline))
# optimizer
optimizer = dict(type='SGD', lr=0.005, momentum=0.9, weight_decay=0.0001)
optimizer_config = dict(grad_clip=dict(max_norm=35, norm_type=2))
# learning policy
lr_config = dict(
    policy='step',
    warmup='linear',
    warmup_iters=500,
    warmup_ratio=1.0 / 3,
    step=[8, 11])
checkpoint_config = dict(interval=1)
# yapf:disable
log_config = dict(
    interval=50,
    hooks=[
        dict(type='TextLoggerHook'),
        # dict(type='TensorboardLoggerHook')
    ])
# yapf:enable
# runtime settings
total_epochs = 32
device_ids = range(8)
dist_params = dict(backend='nccl')
log_level = 'INFO'
work_dir = './work_dirs/retinanet_x101_32x4d_fpn_1x'
load_from = None
resume_from = None
workflow = [('train', 1)]
2020-04-29 22:55:07,375 - mmdet - INFO - load model from: open-mmlab://resnext101_32x4d
2020-04-29 22:55:11,294 - mmdet - INFO - Start running, host: user@user-SYS-7049GP-TRT, work_dir: /home/user/wangxu_data/code/2-AutoDetect/mmdetection/work_dirs/retinanet_x101_32x4d_fpn_1x
2020-04-29 22:55:11,294 - mmdet - INFO - workflow: [('train', 1)], max: 32 epochs
2020-04-29 22:55:47,019 - mmdet - INFO - Epoch [1][50/608]	lr: 0.00199, eta: 3:51:04, time: 0.714, data_time: 0.029, memory: 3315, loss_cls: 1.0294, loss_bbox: 0.3854, loss: 1.4148
2020-04-29 22:56:10,444 - mmdet - INFO - Epoch [1][100/608]	lr: 0.00233, eta: 3:10:48, time: 0.468, data_time: 0.017, memory: 3315, loss_cls: 0.4669, loss_bbox: 0.2503, loss: 0.7172
2020-04-29 22:56:33,807 - mmdet - INFO - Epoch [1][150/608]	lr: 0.00266, eta: 2:56:59, time: 0.467, data_time: 0.017, memory: 3315, loss_cls: 0.3507, loss_bbox: 0.2075, loss: 0.5582
2020-04-29 22:56:57,406 - mmdet - INFO - Epoch [1][200/608]	lr: 0.00299, eta: 2:50:15, time: 0.472, data_time: 0.017, memory: 3315, loss_cls: 0.2203, loss_bbox: 0.1627, loss: 0.3830
2020-04-29 22:57:20,440 - mmdet - INFO - Epoch [1][250/608]	lr: 0.00333, eta: 2:45:20, time: 0.461, data_time: 0.016, memory: 3315, loss_cls: 0.1982, loss_bbox: 0.1554, loss: 0.3536
2020-04-29 22:57:43,734 - mmdet - INFO - Epoch [1][300/608]	lr: 0.00366, eta: 2:42:13, time: 0.466, data_time: 0.017, memory: 3315, loss_cls: 0.1643, loss_bbox: 0.1504, loss: 0.3147
2020-04-29 22:58:07,413 - mmdet - INFO - Epoch [1][350/608]	lr: 0.00399, eta: 2:40:13, time: 0.474, data_time: 0.017, memory: 3315, loss_cls: 0.1499, loss_bbox: 0.1318, loss: 0.2817
2020-04-29 22:58:30,639 - mmdet - INFO - Epoch [1][400/608]	lr: 0.00433, eta: 2:38:16, time: 0.464, data_time: 0.016, memory: 3315, loss_cls: 0.1492, loss_bbox: 0.1332, loss: 0.2824
2020-04-29 22:58:54,644 - mmdet - INFO - Epoch [1][450/608]	lr: 0.00466, eta: 2:37:12, time: 0.480, data_time: 0.017, memory: 3315, loss_cls: 0.1568, loss_bbox: 0.1359, loss: 0.2928
2020-04-29 22:59:17,959 - mmdet - INFO - Epoch [1][500/608]	lr: 0.00499, eta: 2:35:51, time: 0.466, data_time: 0.017, memory: 3315, loss_cls: 0.1429, loss_bbox: 0.1298, loss: 0.2727
2020-04-29 22:59:41,638 - mmdet - INFO - Epoch [1][550/608]	lr: 0.00500, eta: 2:34:52, time: 0.474, data_time: 0.017, memory: 3315, loss_cls: 0.2142, loss_bbox: 0.1548, loss: 0.3690
2020-04-29 23:00:05,102 - mmdet - INFO - Epoch [1][600/608]	lr: 0.00500, eta: 2:33:52, time: 0.469, data_time: 0.017, memory: 3315, loss_cls: 0.1790, loss_bbox: 0.1357, loss: 0.3148
2020-04-29 23:00:33,516 - mmdet - INFO - Epoch [2][50/608]	lr: 0.00500, eta: 2:31:31, time: 0.489, data_time: 0.036, memory: 3315, loss_cls: 0.1381, loss_bbox: 0.1122, loss: 0.2503
2020-04-29 23:00:56,595 - mmdet - INFO - Epoch [2][100/608]	lr: 0.00500, eta: 2:30:38, time: 0.462, data_time: 0.016, memory: 3315, loss_cls: 0.1343, loss_bbox: 0.1089, loss: 0.2432
2020-04-29 23:01:20,076 - mmdet - INFO - Epoch [2][150/608]	lr: 0.00500, eta: 2:29:58, time: 0.470, data_time: 0.018, memory: 3315, loss_cls: 0.1546, loss_bbox: 0.1147, loss: 0.2693
2020-04-29 23:01:43,352 - mmdet - INFO - Epoch [2][200/608]	lr: 0.00500, eta: 2:29:16, time: 0.466, data_time: 0.016, memory: 3315, loss_cls: 0.1479, loss_bbox: 0.1092, loss: 0.2571
2020-04-29 23:02:06,379 - mmdet - INFO - Epoch [2][250/608]	lr: 0.00500, eta: 2:28:30, time: 0.461, data_time: 0.016, memory: 3315, loss_cls: 0.2391, loss_bbox: 0.1183, loss: 0.3574
2020-04-29 23:02:29,765 - mmdet - INFO - Epoch [2][300/608]	lr: 0.00500, eta: 2:27:55, time: 0.468, data_time: 0.018, memory: 3315, loss_cls: 0.1346, loss_bbox: 0.0969, loss: 0.2316
2020-04-29 23:02:52,812 - mmdet - INFO - Epoch [2][350/608]	lr: 0.00500, eta: 2:27:14, time: 0.461, data_time: 0.016, memory: 3315, loss_cls: 0.1311, loss_bbox: 0.1025, loss: 0.2336
2020-04-29 23:03:16,215 - mmdet - INFO - Epoch [2][400/608]	lr: 0.00500, eta: 2:26:41, time: 0.468, data_time: 0.018, memory: 3315, loss_cls: 0.1296, loss_bbox: 0.0995, loss: 0.2291
2020-04-29 23:03:39,069 - mmdet - INFO - Epoch [2][450/608]	lr: 0.00500, eta: 2:26:00, time: 0.457, data_time: 0.016, memory: 3315, loss_cls: 0.1297, loss_bbox: 0.1030, loss: 0.2327
2020-04-29 23:04:02,535 - mmdet - INFO - Epoch [2][500/608]	lr: 0.00500, eta: 2:25:30, time: 0.469, data_time: 0.018, memory: 3315, loss_cls: 0.1252, loss_bbox: 0.0925, loss: 0.2177
2020-04-29 23:04:25,417 - mmdet - INFO - Epoch [2][550/608]	lr: 0.00500, eta: 2:24:52, time: 0.458, data_time: 0.017, memory: 3315, loss_cls: 0.1183, loss_bbox: 0.0984, loss: 0.2168
2020-04-29 23:04:48,320 - mmdet - INFO - Epoch [2][600/608]	lr: 0.00500, eta: 2:24:16, time: 0.458, data_time: 0.017, memory: 3315, loss_cls: 0.1043, loss_bbox: 0.0963, loss: 0.2006
2020-04-29 23:05:15,814 - mmdet - INFO - Epoch [3][50/608]	lr: 0.00500, eta: 2:22:49, time: 0.467, data_time: 0.035, memory: 3315, loss_cls: 0.1162, loss_bbox: 0.0911, loss: 0.2074
2020-04-29 23:05:37,695 - mmdet - INFO - Epoch [3][100/608]	lr: 0.00500, eta: 2:22:02, time: 0.438, data_time: 0.016, memory: 3315, loss_cls: 0.1176, loss_bbox: 0.0892, loss: 0.2067
2020-04-29 23:05:59,761 - mmdet - INFO - Epoch [3][150/608]	lr: 0.00500, eta: 2:21:20, time: 0.441, data_time: 0.017, memory: 3315, loss_cls: 0.1086, loss_bbox: 0.0948, loss: 0.2034
2020-04-29 23:06:21,471 - mmdet - INFO - Epoch [3][200/608]	lr: 0.00500, eta: 2:20:34, time: 0.434, data_time: 0.015, memory: 3315, loss_cls: 0.1146, loss_bbox: 0.0946, loss: 0.2092
2020-04-29 23:06:44,481 - mmdet - INFO - Epoch [3][250/608]	lr: 0.00500, eta: 2:20:06, time: 0.460, data_time: 0.019, memory: 3315, loss_cls: 0.1128, loss_bbox: 0.0929, loss: 0.2057
2020-04-29 23:07:06,720 - mmdet - INFO - Epoch [3][300/608]	lr: 0.00500, eta: 2:19:30, time: 0.445, data_time: 0.016, memory: 3315, loss_cls: 0.0979, loss_bbox: 0.0849, loss: 0.1828
2020-04-29 23:07:29,322 - mmdet - INFO - Epoch [3][350/608]	lr: 0.00500, eta: 2:18:58, time: 0.452, data_time: 0.018, memory: 3315, loss_cls: 0.1169, loss_bbox: 0.0911, loss: 0.2080
2020-04-29 23:07:51,552 - mmdet - INFO - Epoch [3][400/608]	lr: 0.00500, eta: 2:18:23, time: 0.445, data_time: 0.017, memory: 3315, loss_cls: 0.1064, loss_bbox: 0.0829, loss: 0.1893
2020-04-29 23:08:14,496 - mmdet - INFO - Epoch [3][450/608]	lr: 0.00500, eta: 2:17:56, time: 0.459, data_time: 0.019, memory: 3315, loss_cls: 0.1000, loss_bbox: 0.0834, loss: 0.1835
2020-04-29 23:08:37,184 - mmdet - INFO - Epoch [3][500/608]	lr: 0.00500, eta: 2:17:27, time: 0.454, data_time: 0.019, memory: 3315, loss_cls: 0.1154, loss_bbox: 0.0881, loss: 0.2035
2020-04-29 23:08:59,505 - mmdet - INFO - Epoch [3][550/608]	lr: 0.00500, eta: 2:16:54, time: 0.446, data_time: 0.017, memory: 3315, loss_cls: 0.1227, loss_bbox: 0.0823, loss: 0.2050
2020-04-29 23:09:21,627 - mmdet - INFO - Epoch [3][600/608]	lr: 0.00500, eta: 2:16:20, time: 0.442, data_time: 0.017, memory: 3315, loss_cls: 0.1067, loss_bbox: 0.0827, loss: 0.1894
2020-04-29 23:09:49,952 - mmdet - INFO - Epoch [4][50/608]	lr: 0.00500, eta: 2:15:29, time: 0.485, data_time: 0.037, memory: 3315, loss_cls: 0.0924, loss_bbox: 0.0794, loss: 0.1718
2020-04-29 23:10:13,271 - mmdet - INFO - Epoch [4][100/608]	lr: 0.00500, eta: 2:15:07, time: 0.466, data_time: 0.017, memory: 3315, loss_cls: 0.0898, loss_bbox: 0.0792, loss: 0.1691
2020-04-29 23:10:36,633 - mmdet - INFO - Epoch [4][150/608]	lr: 0.00500, eta: 2:14:46, time: 0.467, data_time: 0.017, memory: 3315, loss_cls: 0.0938, loss_bbox: 0.0821, loss: 0.1759
2020-04-29 23:10:59,888 - mmdet - INFO - Epoch [4][200/608]	lr: 0.00500, eta: 2:14:24, time: 0.465, data_time: 0.017, memory: 3315, loss_cls: 0.1082, loss_bbox: 0.0950, loss: 0.2032
2020-04-29 23:11:23,227 - mmdet - INFO - Epoch [4][250/608]	lr: 0.00500, eta: 2:14:03, time: 0.467, data_time: 0.018, memory: 3315, loss_cls: 0.1144, loss_bbox: 0.0863, loss: 0.2008
2020-04-29 23:11:46,168 - mmdet - INFO - Epoch [4][300/608]	lr: 0.00500, eta: 2:13:38, time: 0.459, data_time: 0.017, memory: 3315, loss_cls: 0.1047, loss_bbox: 0.0887, loss: 0.1933
2020-04-29 23:12:09,164 - mmdet - INFO - Epoch [4][350/608]	lr: 0.00500, eta: 2:13:14, time: 0.460, data_time: 0.017, memory: 3315, loss_cls: 0.1034, loss_bbox: 0.0853, loss: 0.1887
2020-04-29 23:12:31,887 - mmdet - INFO - Epoch [4][400/608]	lr: 0.00500, eta: 2:12:48, time: 0.454, data_time: 0.017, memory: 3315, loss_cls: 0.0949, loss_bbox: 0.0780, loss: 0.1729
2020-04-29 23:12:55,233 - mmdet - INFO - Epoch [4][450/608]	lr: 0.00500, eta: 2:12:26, time: 0.467, data_time: 0.018, memory: 3315, loss_cls: 0.0867, loss_bbox: 0.0784, loss: 0.1651
2020-04-29 23:13:18,225 - mmdet - INFO - Epoch [4][500/608]	lr: 0.00500, eta: 2:12:02, time: 0.460, data_time: 0.018, memory: 3315, loss_cls: 0.0980, loss_bbox: 0.0897, loss: 0.1877
2020-04-29 23:13:40,971 - mmdet - INFO - Epoch [4][550/608]	lr: 0.00500, eta: 2:11:36, time: 0.455, data_time: 0.017, memory: 3315, loss_cls: 0.0925, loss_bbox: 0.0764, loss: 0.1689
2020-04-29 23:14:03,606 - mmdet - INFO - Epoch [4][600/608]	lr: 0.00500, eta: 2:11:10, time: 0.453, data_time: 0.017, memory: 3315, loss_cls: 0.0905, loss_bbox: 0.0809, loss: 0.1715
2020-04-29 23:14:31,820 - mmdet - INFO - Epoch [5][50/608]	lr: 0.00500, eta: 2:10:25, time: 0.483, data_time: 0.037, memory: 3315, loss_cls: 0.0835, loss_bbox: 0.0826, loss: 0.1661
2020-04-29 23:14:54,724 - mmdet - INFO - Epoch [5][100/608]	lr: 0.00500, eta: 2:10:01, time: 0.458, data_time: 0.016, memory: 3315, loss_cls: 0.0849, loss_bbox: 0.0775, loss: 0.1624
2020-04-29 23:15:18,321 - mmdet - INFO - Epoch [5][150/608]	lr: 0.00500, eta: 2:09:41, time: 0.472, data_time: 0.017, memory: 3315, loss_cls: 0.0948, loss_bbox: 0.0816, loss: 0.1764
2020-04-29 23:15:40,997 - mmdet - INFO - Epoch [5][200/608]	lr: 0.00500, eta: 2:09:16, time: 0.454, data_time: 0.016, memory: 3315, loss_cls: 0.0836, loss_bbox: 0.0768, loss: 0.1605
2020-04-29 23:16:04,299 - mmdet - INFO - Epoch [5][250/608]	lr: 0.00500, eta: 2:08:54, time: 0.466, data_time: 0.017, memory: 3315, loss_cls: 0.0822, loss_bbox: 0.0730, loss: 0.1552
2020-04-29 23:16:27,515 - mmdet - INFO - Epoch [5][300/608]	lr: 0.00500, eta: 2:08:32, time: 0.464, data_time: 0.017, memory: 3315, loss_cls: 0.0793, loss_bbox: 0.0744, loss: 0.1537
2020-04-29 23:16:51,165 - mmdet - INFO - Epoch [5][350/608]	lr: 0.00500, eta: 2:08:13, time: 0.473, data_time: 0.018, memory: 3315, loss_cls: 0.0828, loss_bbox: 0.0793, loss: 0.1621
2020-04-29 23:17:14,486 - mmdet - INFO - Epoch [5][400/608]	lr: 0.00500, eta: 2:07:51, time: 0.466, data_time: 0.018, memory: 3315, loss_cls: 0.0835, loss_bbox: 0.0778, loss: 0.1613
2020-04-29 23:17:37,910 - mmdet - INFO - Epoch [5][450/608]	lr: 0.00500, eta: 2:07:30, time: 0.468, data_time: 0.018, memory: 3315, loss_cls: 0.0954, loss_bbox: 0.0780, loss: 0.1733
2020-04-29 23:18:01,269 - mmdet - INFO - Epoch [5][500/608]	lr: 0.00500, eta: 2:07:09, time: 0.467, data_time: 0.017, memory: 3315, loss_cls: 0.0939, loss_bbox: 0.0799, loss: 0.1738
2020-04-29 23:18:24,174 - mmdet - INFO - Epoch [5][550/608]	lr: 0.00500, eta: 2:06:45, time: 0.458, data_time: 0.017, memory: 3315, loss_cls: 0.0923, loss_bbox: 0.0790, loss: 0.1713
2020-04-29 23:18:47,392 - mmdet - INFO - Epoch [5][600/608]	lr: 0.00500, eta: 2:06:22, time: 0.464, data_time: 0.018, memory: 3315, loss_cls: 0.0907, loss_bbox: 0.0784, loss: 0.1690
2020-04-29 23:19:15,275 - mmdet - INFO - Epoch [6][50/608]	lr: 0.00500, eta: 2:05:40, time: 0.478, data_time: 0.036, memory: 3315, loss_cls: 0.1006, loss_bbox: 0.0794, loss: 0.1800
2020-04-29 23:19:38,157 - mmdet - INFO - Epoch [6][100/608]	lr: 0.00500, eta: 2:05:16, time: 0.458, data_time: 0.017, memory: 3315, loss_cls: 0.0824, loss_bbox: 0.0733, loss: 0.1557
2020-04-29 23:20:01,324 - mmdet - INFO - Epoch [6][150/608]	lr: 0.00500, eta: 2:04:54, time: 0.463, data_time: 0.017, memory: 3315, loss_cls: 0.0881, loss_bbox: 0.0815, loss: 0.1696
2020-04-29 23:20:24,301 - mmdet - INFO - Epoch [6][200/608]	lr: 0.00500, eta: 2:04:31, time: 0.460, data_time: 0.017, memory: 3315, loss_cls: 0.0697, loss_bbox: 0.0733, loss: 0.1431
2020-04-29 23:20:47,560 - mmdet - INFO - Epoch [6][250/608]	lr: 0.00500, eta: 2:04:09, time: 0.465, data_time: 0.018, memory: 3315, loss_cls: 0.0941, loss_bbox: 0.0800, loss: 0.1741
2020-04-29 23:21:10,856 - mmdet - INFO - Epoch [6][300/608]	lr: 0.00500, eta: 2:03:47, time: 0.466, data_time: 0.018, memory: 3315, loss_cls: 0.0778, loss_bbox: 0.0709, loss: 0.1487
2020-04-29 23:21:33,498 - mmdet - INFO - Epoch [6][350/608]	lr: 0.00500, eta: 2:03:22, time: 0.453, data_time: 0.016, memory: 3315, loss_cls: 0.0768, loss_bbox: 0.0715, loss: 0.1483
2020-04-29 23:21:56,608 - mmdet - INFO - Epoch [6][400/608]	lr: 0.00500, eta: 2:02:59, time: 0.462, data_time: 0.017, memory: 3315, loss_cls: 0.0775, loss_bbox: 0.0704, loss: 0.1478
2020-04-29 23:22:19,761 - mmdet - INFO - Epoch [6][450/608]	lr: 0.00500, eta: 2:02:37, time: 0.463, data_time: 0.017, memory: 3315, loss_cls: 0.0881, loss_bbox: 0.0750, loss: 0.1630
2020-04-29 23:22:43,197 - mmdet - INFO - Epoch [6][500/608]	lr: 0.00500, eta: 2:02:15, time: 0.469, data_time: 0.017, memory: 3315, loss_cls: 0.0903, loss_bbox: 0.0793, loss: 0.1696
2020-04-29 23:23:06,128 - mmdet - INFO - Epoch [6][550/608]	lr: 0.00500, eta: 2:01:52, time: 0.459, data_time: 0.017, memory: 3315, loss_cls: 0.0733, loss_bbox: 0.0681, loss: 0.1414
2020-04-29 23:23:28,661 - mmdet - INFO - Epoch [6][600/608]	lr: 0.00500, eta: 2:01:26, time: 0.451, data_time: 0.016, memory: 3315, loss_cls: 0.0813, loss_bbox: 0.0740, loss: 0.1553
2020-04-29 23:23:56,875 - mmdet - INFO - Epoch [7][50/608]	lr: 0.00500, eta: 2:00:49, time: 0.484, data_time: 0.038, memory: 3315, loss_cls: 0.0815, loss_bbox: 0.0743, loss: 0.1558
2020-04-29 23:24:19,552 - mmdet - INFO - Epoch [7][100/608]	lr: 0.00500, eta: 2:00:25, time: 0.454, data_time: 0.016, memory: 3315, loss_cls: 0.0732, loss_bbox: 0.0690, loss: 0.1421
2020-04-29 23:24:42,508 - mmdet - INFO - Epoch [7][150/608]	lr: 0.00500, eta: 2:00:01, time: 0.459, data_time: 0.017, memory: 3315, loss_cls: 0.0836, loss_bbox: 0.0750, loss: 0.1586
2020-04-29 23:25:05,862 - mmdet - INFO - Epoch [7][200/608]	lr: 0.00500, eta: 1:59:40, time: 0.467, data_time: 0.017, memory: 3315, loss_cls: 0.0776, loss_bbox: 0.0694, loss: 0.1470
2020-04-29 23:25:29,211 - mmdet - INFO - Epoch [7][250/608]	lr: 0.00500, eta: 1:59:18, time: 0.467, data_time: 0.017, memory: 3315, loss_cls: 0.0772, loss_bbox: 0.0700, loss: 0.1472
2020-04-29 23:25:52,365 - mmdet - INFO - Epoch [7][300/608]	lr: 0.00500, eta: 1:58:56, time: 0.463, data_time: 0.018, memory: 3315, loss_cls: 0.0697, loss_bbox: 0.0708, loss: 0.1406
2020-04-29 23:26:15,115 - mmdet - INFO - Epoch [7][350/608]	lr: 0.00500, eta: 1:58:32, time: 0.455, data_time: 0.017, memory: 3315, loss_cls: 0.0830, loss_bbox: 0.0768, loss: 0.1599
2020-04-29 23:26:38,997 - mmdet - INFO - Epoch [7][400/608]	lr: 0.00500, eta: 1:58:12, time: 0.478, data_time: 0.018, memory: 3315, loss_cls: 0.0699, loss_bbox: 0.0727, loss: 0.1426
2020-04-29 23:27:01,823 - mmdet - INFO - Epoch [7][450/608]	lr: 0.00500, eta: 1:57:48, time: 0.456, data_time: 0.017, memory: 3315, loss_cls: 0.0739, loss_bbox: 0.0735, loss: 0.1475
2020-04-29 23:27:25,140 - mmdet - INFO - Epoch [7][500/608]	lr: 0.00500, eta: 1:57:26, time: 0.466, data_time: 0.018, memory: 3315, loss_cls: 0.0808, loss_bbox: 0.0729, loss: 0.1537
2020-04-29 23:27:47,874 - mmdet - INFO - Epoch [7][550/608]	lr: 0.00500, eta: 1:57:02, time: 0.455, data_time: 0.017, memory: 3315, loss_cls: 0.0721, loss_bbox: 0.0724, loss: 0.1446
2020-04-29 23:28:10,590 - mmdet - INFO - Epoch [7][600/608]	lr: 0.00500, eta: 1:56:38, time: 0.454, data_time: 0.016, memory: 3315, loss_cls: 0.0696, loss_bbox: 0.0691, loss: 0.1387
2020-04-29 23:28:38,140 - mmdet - INFO - Epoch [8][50/608]	lr: 0.00500, eta: 1:56:01, time: 0.473, data_time: 0.036, memory: 3315, loss_cls: 0.0821, loss_bbox: 0.0769, loss: 0.1589
2020-04-29 23:29:00,693 - mmdet - INFO - Epoch [8][100/608]	lr: 0.00500, eta: 1:55:37, time: 0.451, data_time: 0.016, memory: 3315, loss_cls: 0.0784, loss_bbox: 0.0689, loss: 0.1472
2020-04-29 23:29:24,212 - mmdet - INFO - Epoch [8][150/608]	lr: 0.00500, eta: 1:55:15, time: 0.470, data_time: 0.017, memory: 3315, loss_cls: 0.0698, loss_bbox: 0.0713, loss: 0.1412
2020-04-29 23:29:46,662 - mmdet - INFO - Epoch [8][200/608]	lr: 0.00500, eta: 1:54:51, time: 0.449, data_time: 0.016, memory: 3315, loss_cls: 0.0742, loss_bbox: 0.0694, loss: 0.1436
2020-04-29 23:30:10,038 - mmdet - INFO - Epoch [8][250/608]	lr: 0.00500, eta: 1:54:29, time: 0.468, data_time: 0.018, memory: 3315, loss_cls: 0.0710, loss_bbox: 0.0695, loss: 0.1406
2020-04-29 23:30:33,233 - mmdet - INFO - Epoch [8][300/608]	lr: 0.00500, eta: 1:54:07, time: 0.464, data_time: 0.017, memory: 3315, loss_cls: 0.0732, loss_bbox: 0.0736, loss: 0.1468
2020-04-29 23:30:56,650 - mmdet - INFO - Epoch [8][350/608]	lr: 0.00500, eta: 1:53:45, time: 0.468, data_time: 0.018, memory: 3315, loss_cls: 0.0859, loss_bbox: 0.0767, loss: 0.1627
2020-04-29 23:31:19,676 - mmdet - INFO - Epoch [8][400/608]	lr: 0.00500, eta: 1:53:22, time: 0.460, data_time: 0.017, memory: 3315, loss_cls: 0.0787, loss_bbox: 0.0738, loss: 0.1524
2020-04-29 23:31:43,102 - mmdet - INFO - Epoch [8][450/608]	lr: 0.00500, eta: 1:53:01, time: 0.469, data_time: 0.018, memory: 3315, loss_cls: 0.0633, loss_bbox: 0.0643, loss: 0.1276
2020-04-29 23:32:06,575 - mmdet - INFO - Epoch [8][500/608]	lr: 0.00500, eta: 1:52:39, time: 0.469, data_time: 0.017, memory: 3315, loss_cls: 0.0673, loss_bbox: 0.0688, loss: 0.1361
2020-04-29 23:32:29,949 - mmdet - INFO - Epoch [8][550/608]	lr: 0.00500, eta: 1:52:17, time: 0.467, data_time: 0.017, memory: 3315, loss_cls: 0.0642, loss_bbox: 0.0717, loss: 0.1359
2020-04-29 23:32:53,035 - mmdet - INFO - Epoch [8][600/608]	lr: 0.00500, eta: 1:51:55, time: 0.462, data_time: 0.017, memory: 3315, loss_cls: 0.0674, loss_bbox: 0.0643, loss: 0.1317
2020-04-29 23:33:21,133 - mmdet - INFO - Epoch [9][50/608]	lr: 0.00050, eta: 1:51:21, time: 0.483, data_time: 0.038, memory: 3315, loss_cls: 0.0536, loss_bbox: 0.0571, loss: 0.1106
2020-04-29 23:33:43,871 - mmdet - INFO - Epoch [9][100/608]	lr: 0.00050, eta: 1:50:57, time: 0.455, data_time: 0.016, memory: 3315, loss_cls: 0.0626, loss_bbox: 0.0629, loss: 0.1254
2020-04-29 23:34:06,936 - mmdet - INFO - Epoch [9][150/608]	lr: 0.00050, eta: 1:50:34, time: 0.461, data_time: 0.016, memory: 3315, loss_cls: 0.0479, loss_bbox: 0.0516, loss: 0.0995
2020-04-29 23:34:29,303 - mmdet - INFO - Epoch [9][200/608]	lr: 0.00050, eta: 1:50:10, time: 0.447, data_time: 0.016, memory: 3315, loss_cls: 0.0550, loss_bbox: 0.0600, loss: 0.1150
2020-04-29 23:34:52,004 - mmdet - INFO - Epoch [9][250/608]	lr: 0.00050, eta: 1:49:46, time: 0.454, data_time: 0.015, memory: 3315, loss_cls: 0.0534, loss_bbox: 0.0614, loss: 0.1148
2020-04-29 23:35:15,159 - mmdet - INFO - Epoch [9][300/608]	lr: 0.00050, eta: 1:49:23, time: 0.463, data_time: 0.016, memory: 3315, loss_cls: 0.0562, loss_bbox: 0.0611, loss: 0.1173
2020-04-29 23:35:38,004 - mmdet - INFO - Epoch [9][350/608]	lr: 0.00050, eta: 1:49:00, time: 0.457, data_time: 0.016, memory: 3315, loss_cls: 0.0512, loss_bbox: 0.0534, loss: 0.1046
2020-04-29 23:36:01,255 - mmdet - INFO - Epoch [9][400/608]	lr: 0.00050, eta: 1:48:38, time: 0.465, data_time: 0.017, memory: 3315, loss_cls: 0.0479, loss_bbox: 0.0547, loss: 0.1026
2020-04-29 23:36:23,572 - mmdet - INFO - Epoch [9][450/608]	lr: 0.00050, eta: 1:48:13, time: 0.446, data_time: 0.016, memory: 3315, loss_cls: 0.0587, loss_bbox: 0.0605, loss: 0.1192
2020-04-29 23:36:46,958 - mmdet - INFO - Epoch [9][500/608]	lr: 0.00050, eta: 1:47:51, time: 0.468, data_time: 0.018, memory: 3315, loss_cls: 0.0498, loss_bbox: 0.0555, loss: 0.1053
2020-04-29 23:37:10,458 - mmdet - INFO - Epoch [9][550/608]	lr: 0.00050, eta: 1:47:30, time: 0.470, data_time: 0.017, memory: 3315, loss_cls: 0.0527, loss_bbox: 0.0547, loss: 0.1074
2020-04-29 23:37:33,625 - mmdet - INFO - Epoch [9][600/608]	lr: 0.00050, eta: 1:47:07, time: 0.463, data_time: 0.018, memory: 3315, loss_cls: 0.0519, loss_bbox: 0.0554, loss: 0.1074
2020-04-29 23:38:01,967 - mmdet - INFO - Epoch [10][50/608]	lr: 0.00050, eta: 1:46:35, time: 0.487, data_time: 0.037, memory: 3315, loss_cls: 0.0532, loss_bbox: 0.0572, loss: 0.1104
2020-04-29 23:38:24,932 - mmdet - INFO - Epoch [10][100/608]	lr: 0.00050, eta: 1:46:12, time: 0.459, data_time: 0.015, memory: 3315, loss_cls: 0.0488, loss_bbox: 0.0547, loss: 0.1034
2020-04-29 23:38:48,125 - mmdet - INFO - Epoch [10][150/608]	lr: 0.00050, eta: 1:45:50, time: 0.464, data_time: 0.017, memory: 3315, loss_cls: 0.0511, loss_bbox: 0.0549, loss: 0.1059
2020-04-29 23:39:11,471 - mmdet - INFO - Epoch [10][200/608]	lr: 0.00050, eta: 1:45:28, time: 0.467, data_time: 0.017, memory: 3315, loss_cls: 0.0586, loss_bbox: 0.0592, loss: 0.1178
2020-04-29 23:39:34,386 - mmdet - INFO - Epoch [10][250/608]	lr: 0.00050, eta: 1:45:05, time: 0.458, data_time: 0.016, memory: 3315, loss_cls: 0.0509, loss_bbox: 0.0534, loss: 0.1043
2020-04-29 23:39:57,976 - mmdet - INFO - Epoch [10][300/608]	lr: 0.00050, eta: 1:44:43, time: 0.472, data_time: 0.017, memory: 3315, loss_cls: 0.0421, loss_bbox: 0.0485, loss: 0.0906
2020-04-29 23:40:21,254 - mmdet - INFO - Epoch [10][350/608]	lr: 0.00050, eta: 1:44:21, time: 0.466, data_time: 0.016, memory: 3315, loss_cls: 0.0505, loss_bbox: 0.0601, loss: 0.1105
2020-04-29 23:40:44,559 - mmdet - INFO - Epoch [10][400/608]	lr: 0.00050, eta: 1:43:59, time: 0.466, data_time: 0.017, memory: 3315, loss_cls: 0.0482, loss_bbox: 0.0536, loss: 0.1017
2020-04-29 23:41:07,756 - mmdet - INFO - Epoch [10][450/608]	lr: 0.00050, eta: 1:43:36, time: 0.464, data_time: 0.017, memory: 3315, loss_cls: 0.0463, loss_bbox: 0.0540, loss: 0.1003
2020-04-29 23:41:31,148 - mmdet - INFO - Epoch [10][500/608]	lr: 0.00050, eta: 1:43:14, time: 0.468, data_time: 0.017, memory: 3315, loss_cls: 0.0471, loss_bbox: 0.0526, loss: 0.0997
2020-04-29 23:41:54,476 - mmdet - INFO - Epoch [10][550/608]	lr: 0.00050, eta: 1:42:52, time: 0.467, data_time: 0.017, memory: 3315, loss_cls: 0.0519, loss_bbox: 0.0573, loss: 0.1092
2020-04-29 23:42:17,184 - mmdet - INFO - Epoch [10][600/608]	lr: 0.00050, eta: 1:42:29, time: 0.454, data_time: 0.016, memory: 3315, loss_cls: 0.0492, loss_bbox: 0.0545, loss: 0.1037
2020-04-29 23:42:45,868 - mmdet - INFO - Epoch [11][50/608]	lr: 0.00050, eta: 1:41:58, time: 0.493, data_time: 0.038, memory: 3315, loss_cls: 0.0453, loss_bbox: 0.0512, loss: 0.0965
2020-04-29 23:43:09,308 - mmdet - INFO - Epoch [11][100/608]	lr: 0.00050, eta: 1:41:36, time: 0.469, data_time: 0.017, memory: 3315, loss_cls: 0.0515, loss_bbox: 0.0544, loss: 0.1059
2020-04-29 23:43:32,542 - mmdet - INFO - Epoch [11][150/608]	lr: 0.00050, eta: 1:41:13, time: 0.465, data_time: 0.018, memory: 3315, loss_cls: 0.0460, loss_bbox: 0.0517, loss: 0.0977
2020-04-29 23:43:55,877 - mmdet - INFO - Epoch [11][200/608]	lr: 0.00050, eta: 1:40:51, time: 0.467, data_time: 0.018, memory: 3315, loss_cls: 0.0436, loss_bbox: 0.0497, loss: 0.0932
2020-04-29 23:44:19,301 - mmdet - INFO - Epoch [11][250/608]	lr: 0.00050, eta: 1:40:29, time: 0.468, data_time: 0.018, memory: 3315, loss_cls: 0.0468, loss_bbox: 0.0524, loss: 0.0992
2020-04-29 23:44:42,153 - mmdet - INFO - Epoch [11][300/608]	lr: 0.00050, eta: 1:40:06, time: 0.457, data_time: 0.017, memory: 3315, loss_cls: 0.0517, loss_bbox: 0.0537, loss: 0.1054
2020-04-29 23:45:05,327 - mmdet - INFO - Epoch [11][350/608]	lr: 0.00050, eta: 1:39:43, time: 0.463, data_time: 0.017, memory: 3315, loss_cls: 0.0491, loss_bbox: 0.0553, loss: 0.1045
2020-04-29 23:45:28,417 - mmdet - INFO - Epoch [11][400/608]	lr: 0.00050, eta: 1:39:21, time: 0.462, data_time: 0.016, memory: 3315, loss_cls: 0.0472, loss_bbox: 0.0587, loss: 0.1058
2020-04-29 23:45:51,106 - mmdet - INFO - Epoch [11][450/608]	lr: 0.00050, eta: 1:38:57, time: 0.454, data_time: 0.017, memory: 3315, loss_cls: 0.0499, loss_bbox: 0.0514, loss: 0.1012
2020-04-29 23:46:14,084 - mmdet - INFO - Epoch [11][500/608]	lr: 0.00050, eta: 1:38:34, time: 0.460, data_time: 0.017, memory: 3315, loss_cls: 0.0474, loss_bbox: 0.0526, loss: 0.1000
2020-04-29 23:46:37,235 - mmdet - INFO - Epoch [11][550/608]	lr: 0.00050, eta: 1:38:12, time: 0.463, data_time: 0.018, memory: 3315, loss_cls: 0.0454, loss_bbox: 0.0542, loss: 0.0996
2020-04-29 23:46:59,858 - mmdet - INFO - Epoch [11][600/608]	lr: 0.00050, eta: 1:37:48, time: 0.452, data_time: 0.017, memory: 3315, loss_cls: 0.0503, loss_bbox: 0.0577, loss: 0.1080
2020-04-29 23:47:28,069 - mmdet - INFO - Epoch [12][50/608]	lr: 0.00005, eta: 1:37:17, time: 0.485, data_time: 0.037, memory: 3315, loss_cls: 0.0455, loss_bbox: 0.0517, loss: 0.0971
2020-04-29 23:47:51,184 - mmdet - INFO - Epoch [12][100/608]	lr: 0.00005, eta: 1:36:54, time: 0.462, data_time: 0.016, memory: 3315, loss_cls: 0.0437, loss_bbox: 0.0531, loss: 0.0967
2020-04-29 23:48:14,428 - mmdet - INFO - Epoch [12][150/608]	lr: 0.00005, eta: 1:36:32, time: 0.465, data_time: 0.017, memory: 3315, loss_cls: 0.0497, loss_bbox: 0.0548, loss: 0.1046
2020-04-29 23:48:37,748 - mmdet - INFO - Epoch [12][200/608]	lr: 0.00005, eta: 1:36:09, time: 0.466, data_time: 0.017, memory: 3315, loss_cls: 0.0459, loss_bbox: 0.0531, loss: 0.0989
2020-04-29 23:49:00,411 - mmdet - INFO - Epoch [12][250/608]	lr: 0.00005, eta: 1:35:46, time: 0.453, data_time: 0.015, memory: 3315, loss_cls: 0.0444, loss_bbox: 0.0518, loss: 0.0962
2020-04-29 23:49:23,719 - mmdet - INFO - Epoch [12][300/608]	lr: 0.00005, eta: 1:35:24, time: 0.466, data_time: 0.017, memory: 3315, loss_cls: 0.0424, loss_bbox: 0.0520, loss: 0.0944
2020-04-29 23:49:47,238 - mmdet - INFO - Epoch [12][350/608]	lr: 0.00005, eta: 1:35:02, time: 0.470, data_time: 0.017, memory: 3315, loss_cls: 0.0432, loss_bbox: 0.0514, loss: 0.0946
2020-04-29 23:50:10,716 - mmdet - INFO - Epoch [12][400/608]	lr: 0.00005, eta: 1:34:40, time: 0.470, data_time: 0.017, memory: 3315, loss_cls: 0.0431, loss_bbox: 0.0461, loss: 0.0892
2020-04-29 23:50:33,912 - mmdet - INFO - Epoch [12][450/608]	lr: 0.00005, eta: 1:34:17, time: 0.464, data_time: 0.017, memory: 3315, loss_cls: 0.0459, loss_bbox: 0.0540, loss: 0.1000
2020-04-29 23:50:56,859 - mmdet - INFO - Epoch [12][500/608]	lr: 0.00005, eta: 1:33:54, time: 0.459, data_time: 0.016, memory: 3315, loss_cls: 0.0466, loss_bbox: 0.0530, loss: 0.0995
2020-04-29 23:51:20,037 - mmdet - INFO - Epoch [12][550/608]	lr: 0.00005, eta: 1:33:31, time: 0.464, data_time: 0.017, memory: 3315, loss_cls: 0.0426, loss_bbox: 0.0487, loss: 0.0914
2020-04-29 23:51:43,075 - mmdet - INFO - Epoch [12][600/608]	lr: 0.00005, eta: 1:33:09, time: 0.461, data_time: 0.016, memory: 3315, loss_cls: 0.0436, loss_bbox: 0.0531, loss: 0.0967
2020-04-29 23:52:11,518 - mmdet - INFO - Epoch [13][50/608]	lr: 0.00005, eta: 1:32:38, time: 0.488, data_time: 0.037, memory: 3315, loss_cls: 0.0396, loss_bbox: 0.0487, loss: 0.0884
2020-04-29 23:52:34,659 - mmdet - INFO - Epoch [13][100/608]	lr: 0.00005, eta: 1:32:16, time: 0.463, data_time: 0.016, memory: 3315, loss_cls: 0.0427, loss_bbox: 0.0513, loss: 0.0940
2020-04-29 23:52:57,649 - mmdet - INFO - Epoch [13][150/608]	lr: 0.00005, eta: 1:31:53, time: 0.460, data_time: 0.016, memory: 3315, loss_cls: 0.0424, loss_bbox: 0.0470, loss: 0.0894
2020-04-29 23:53:20,676 - mmdet - INFO - Epoch [13][200/608]	lr: 0.00005, eta: 1:31:30, time: 0.461, data_time: 0.016, memory: 3315, loss_cls: 0.0462, loss_bbox: 0.0538, loss: 0.1000
2020-04-29 23:53:42,971 - mmdet - INFO - Epoch [13][250/608]	lr: 0.00005, eta: 1:31:06, time: 0.446, data_time: 0.015, memory: 3315, loss_cls: 0.0497, loss_bbox: 0.0539, loss: 0.1036
2020-04-29 23:54:06,140 - mmdet - INFO - Epoch [13][300/608]	lr: 0.00005, eta: 1:30:43, time: 0.463, data_time: 0.018, memory: 3315, loss_cls: 0.0401, loss_bbox: 0.0484, loss: 0.0885
2020-04-29 23:54:28,002 - mmdet - INFO - Epoch [13][350/608]	lr: 0.00005, eta: 1:30:19, time: 0.437, data_time: 0.015, memory: 3315, loss_cls: 0.0452, loss_bbox: 0.0537, loss: 0.0989
2020-04-29 23:54:50,049 - mmdet - INFO - Epoch [13][400/608]	lr: 0.00005, eta: 1:29:54, time: 0.441, data_time: 0.018, memory: 3315, loss_cls: 0.0456, loss_bbox: 0.0519, loss: 0.0975
2020-04-29 23:55:12,284 - mmdet - INFO - Epoch [13][450/608]	lr: 0.00005, eta: 1:29:30, time: 0.445, data_time: 0.016, memory: 3315, loss_cls: 0.0439, loss_bbox: 0.0532, loss: 0.0971
2020-04-29 23:55:34,547 - mmdet - INFO - Epoch [13][500/608]	lr: 0.00005, eta: 1:29:06, time: 0.445, data_time: 0.017, memory: 3315, loss_cls: 0.0477, loss_bbox: 0.0526, loss: 0.1003
2020-04-29 23:55:56,835 - mmdet - INFO - Epoch [13][550/608]	lr: 0.00005, eta: 1:28:43, time: 0.446, data_time: 0.016, memory: 3315, loss_cls: 0.0434, loss_bbox: 0.0512, loss: 0.0947
2020-04-29 23:56:18,900 - mmdet - INFO - Epoch [13][600/608]	lr: 0.00005, eta: 1:28:18, time: 0.441, data_time: 0.017, memory: 3315, loss_cls: 0.0439, loss_bbox: 0.0523, loss: 0.0962
2020-04-29 23:56:47,356 - mmdet - INFO - Epoch [14][50/608]	lr: 0.00005, eta: 1:27:49, time: 0.487, data_time: 0.036, memory: 3315, loss_cls: 0.0457, loss_bbox: 0.0539, loss: 0.0996
2020-04-29 23:57:10,260 - mmdet - INFO - Epoch [14][100/608]	lr: 0.00005, eta: 1:27:26, time: 0.458, data_time: 0.016, memory: 3315, loss_cls: 0.0469, loss_bbox: 0.0566, loss: 0.1035
2020-04-29 23:57:34,001 - mmdet - INFO - Epoch [14][150/608]	lr: 0.00005, eta: 1:27:04, time: 0.475, data_time: 0.017, memory: 3315, loss_cls: 0.0454, loss_bbox: 0.0529, loss: 0.0983
2020-04-29 23:57:57,057 - mmdet - INFO - Epoch [14][200/608]	lr: 0.00005, eta: 1:26:41, time: 0.461, data_time: 0.017, memory: 3315, loss_cls: 0.0459, loss_bbox: 0.0532, loss: 0.0991
2020-04-29 23:58:20,080 - mmdet - INFO - Epoch [14][250/608]	lr: 0.00005, eta: 1:26:18, time: 0.460, data_time: 0.017, memory: 3315, loss_cls: 0.0510, loss_bbox: 0.0503, loss: 0.1013
2020-04-29 23:58:43,056 - mmdet - INFO - Epoch [14][300/608]	lr: 0.00005, eta: 1:25:56, time: 0.459, data_time: 0.016, memory: 3315, loss_cls: 0.0437, loss_bbox: 0.0485, loss: 0.0922
2020-04-29 23:59:05,540 - mmdet - INFO - Epoch [14][350/608]	lr: 0.00005, eta: 1:25:32, time: 0.450, data_time: 0.017, memory: 3315, loss_cls: 0.0371, loss_bbox: 0.0489, loss: 0.0860
2020-04-29 23:59:28,394 - mmdet - INFO - Epoch [14][400/608]	lr: 0.00005, eta: 1:25:09, time: 0.457, data_time: 0.016, memory: 3315, loss_cls: 0.0427, loss_bbox: 0.0497, loss: 0.0924
2020-04-29 23:59:50,669 - mmdet - INFO - Epoch [14][450/608]	lr: 0.00005, eta: 1:24:45, time: 0.445, data_time: 0.015, memory: 3315, loss_cls: 0.0432, loss_bbox: 0.0506, loss: 0.0938
2020-04-30 00:00:13,512 - mmdet - INFO - Epoch [14][500/608]	lr: 0.00005, eta: 1:24:22, time: 0.457, data_time: 0.017, memory: 3315, loss_cls: 0.0426, loss_bbox: 0.0509, loss: 0.0935
2020-04-30 00:00:36,244 - mmdet - INFO - Epoch [14][550/608]	lr: 0.00005, eta: 1:23:59, time: 0.455, data_time: 0.017, memory: 3315, loss_cls: 0.0433, loss_bbox: 0.0527, loss: 0.0961
2020-04-30 00:00:58,602 - mmdet - INFO - Epoch [14][600/608]	lr: 0.00005, eta: 1:23:36, time: 0.447, data_time: 0.017, memory: 3315, loss_cls: 0.0410, loss_bbox: 0.0479, loss: 0.0888
2020-04-30 00:01:26,840 - mmdet - INFO - Epoch [15][50/608]	lr: 0.00005, eta: 1:23:06, time: 0.484, data_time: 0.035, memory: 3315, loss_cls: 0.0446, loss_bbox: 0.0527, loss: 0.0973
2020-04-30 00:01:50,011 - mmdet - INFO - Epoch [15][100/608]	lr: 0.00005, eta: 1:22:44, time: 0.463, data_time: 0.017, memory: 3315, loss_cls: 0.0406, loss_bbox: 0.0511, loss: 0.0918
2020-04-30 00:02:13,751 - mmdet - INFO - Epoch [15][150/608]	lr: 0.00005, eta: 1:22:22, time: 0.475, data_time: 0.017, memory: 3315, loss_cls: 0.0405, loss_bbox: 0.0504, loss: 0.0909
2020-04-30 00:02:36,503 - mmdet - INFO - Epoch [15][200/608]	lr: 0.00005, eta: 1:21:59, time: 0.455, data_time: 0.016, memory: 3315, loss_cls: 0.0433, loss_bbox: 0.0519, loss: 0.0952
2020-04-30 00:02:59,502 - mmdet - INFO - Epoch [15][250/608]	lr: 0.00005, eta: 1:21:36, time: 0.460, data_time: 0.016, memory: 3315, loss_cls: 0.0442, loss_bbox: 0.0507, loss: 0.0949
2020-04-30 00:03:22,925 - mmdet - INFO - Epoch [15][300/608]	lr: 0.00005, eta: 1:21:14, time: 0.468, data_time: 0.017, memory: 3315, loss_cls: 0.0451, loss_bbox: 0.0520, loss: 0.0971
2020-04-30 00:03:46,078 - mmdet - INFO - Epoch [15][350/608]	lr: 0.00005, eta: 1:20:51, time: 0.463, data_time: 0.017, memory: 3315, loss_cls: 0.0444, loss_bbox: 0.0487, loss: 0.0931
2020-04-30 00:04:09,564 - mmdet - INFO - Epoch [15][400/608]	lr: 0.00005, eta: 1:20:29, time: 0.470, data_time: 0.018, memory: 3315, loss_cls: 0.0451, loss_bbox: 0.0497, loss: 0.0948
2020-04-30 00:04:31,877 - mmdet - INFO - Epoch [15][450/608]	lr: 0.00005, eta: 1:20:05, time: 0.446, data_time: 0.016, memory: 3315, loss_cls: 0.0405, loss_bbox: 0.0498, loss: 0.0903
2020-04-30 00:04:55,057 - mmdet - INFO - Epoch [15][500/608]	lr: 0.00005, eta: 1:19:43, time: 0.464, data_time: 0.016, memory: 3315, loss_cls: 0.0475, loss_bbox: 0.0521, loss: 0.0996
2020-04-30 00:05:18,228 - mmdet - INFO - Epoch [15][550/608]	lr: 0.00005, eta: 1:19:20, time: 0.463, data_time: 0.017, memory: 3315, loss_cls: 0.0423, loss_bbox: 0.0508, loss: 0.0931
2020-04-30 00:05:41,196 - mmdet - INFO - Epoch [15][600/608]	lr: 0.00005, eta: 1:18:57, time: 0.459, data_time: 0.018, memory: 3315, loss_cls: 0.0461, loss_bbox: 0.0530, loss: 0.0991
2020-04-30 00:06:10,214 - mmdet - INFO - Epoch [16][50/608]	lr: 0.00005, eta: 1:18:29, time: 0.496, data_time: 0.036, memory: 3315, loss_cls: 0.0451, loss_bbox: 0.0519, loss: 0.0970
2020-04-30 00:06:33,320 - mmdet - INFO - Epoch [16][100/608]	lr: 0.00005, eta: 1:18:06, time: 0.462, data_time: 0.016, memory: 3315, loss_cls: 0.0417, loss_bbox: 0.0522, loss: 0.0939
2020-04-30 00:06:56,744 - mmdet - INFO - Epoch [16][150/608]	lr: 0.00005, eta: 1:17:44, time: 0.468, data_time: 0.017, memory: 3315, loss_cls: 0.0402, loss_bbox: 0.0496, loss: 0.0898
2020-04-30 00:07:20,288 - mmdet - INFO - Epoch [16][200/608]	lr: 0.00005, eta: 1:17:22, time: 0.471, data_time: 0.017, memory: 3315, loss_cls: 0.0479, loss_bbox: 0.0521, loss: 0.1000
2020-04-30 00:07:43,080 - mmdet - INFO - Epoch [16][250/608]	lr: 0.00005, eta: 1:16:59, time: 0.456, data_time: 0.016, memory: 3315, loss_cls: 0.0442, loss_bbox: 0.0534, loss: 0.0977
2020-04-30 00:08:06,553 - mmdet - INFO - Epoch [16][300/608]	lr: 0.00005, eta: 1:16:36, time: 0.469, data_time: 0.017, memory: 3315, loss_cls: 0.0428, loss_bbox: 0.0481, loss: 0.0908
2020-04-30 00:08:29,425 - mmdet - INFO - Epoch [16][350/608]	lr: 0.00005, eta: 1:16:13, time: 0.457, data_time: 0.016, memory: 3315, loss_cls: 0.0454, loss_bbox: 0.0544, loss: 0.0998
2020-04-30 00:08:52,948 - mmdet - INFO - Epoch [16][400/608]	lr: 0.00005, eta: 1:15:51, time: 0.470, data_time: 0.017, memory: 3315, loss_cls: 0.0415, loss_bbox: 0.0516, loss: 0.0930
2020-04-30 00:09:16,644 - mmdet - INFO - Epoch [16][450/608]	lr: 0.00005, eta: 1:15:29, time: 0.474, data_time: 0.017, memory: 3315, loss_cls: 0.0434, loss_bbox: 0.0503, loss: 0.0938
2020-04-30 00:09:39,789 - mmdet - INFO - Epoch [16][500/608]	lr: 0.00005, eta: 1:15:06, time: 0.463, data_time: 0.016, memory: 3315, loss_cls: 0.0416, loss_bbox: 0.0487, loss: 0.0903
2020-04-30 00:10:03,375 - mmdet - INFO - Epoch [16][550/608]	lr: 0.00005, eta: 1:14:44, time: 0.472, data_time: 0.017, memory: 3315, loss_cls: 0.0446, loss_bbox: 0.0498, loss: 0.0944
2020-04-30 00:10:25,806 - mmdet - INFO - Epoch [16][600/608]	lr: 0.00005, eta: 1:14:21, time: 0.449, data_time: 0.015, memory: 3315, loss_cls: 0.0412, loss_bbox: 0.0504, loss: 0.0915
2020-04-30 00:10:54,298 - mmdet - INFO - Epoch [17][50/608]	lr: 0.00005, eta: 1:13:52, time: 0.487, data_time: 0.036, memory: 3315, loss_cls: 0.0430, loss_bbox: 0.0496, loss: 0.0926
2020-04-30 00:11:18,081 - mmdet - INFO - Epoch [17][100/608]	lr: 0.00005, eta: 1:13:30, time: 0.476, data_time: 0.017, memory: 3315, loss_cls: 0.0398, loss_bbox: 0.0479, loss: 0.0877
2020-04-30 00:11:40,658 - mmdet - INFO - Epoch [17][150/608]	lr: 0.00005, eta: 1:13:07, time: 0.452, data_time: 0.016, memory: 3315, loss_cls: 0.0425, loss_bbox: 0.0495, loss: 0.0920
2020-04-30 00:12:03,800 - mmdet - INFO - Epoch [17][200/608]	lr: 0.00005, eta: 1:12:44, time: 0.463, data_time: 0.016, memory: 3315, loss_cls: 0.0461, loss_bbox: 0.0525, loss: 0.0987
2020-04-30 00:12:27,486 - mmdet - INFO - Epoch [17][250/608]	lr: 0.00005, eta: 1:12:22, time: 0.474, data_time: 0.016, memory: 3315, loss_cls: 0.0454, loss_bbox: 0.0537, loss: 0.0991
2020-04-30 00:12:51,015 - mmdet - INFO - Epoch [17][300/608]	lr: 0.00005, eta: 1:12:00, time: 0.471, data_time: 0.017, memory: 3315, loss_cls: 0.0412, loss_bbox: 0.0486, loss: 0.0897
2020-04-30 00:13:13,928 - mmdet - INFO - Epoch [17][350/608]	lr: 0.00005, eta: 1:11:37, time: 0.458, data_time: 0.016, memory: 3315, loss_cls: 0.0455, loss_bbox: 0.0510, loss: 0.0965
2020-04-30 00:13:36,739 - mmdet - INFO - Epoch [17][400/608]	lr: 0.00005, eta: 1:11:14, time: 0.456, data_time: 0.016, memory: 3315, loss_cls: 0.0445, loss_bbox: 0.0516, loss: 0.0960
2020-04-30 00:13:59,996 - mmdet - INFO - Epoch [17][450/608]	lr: 0.00005, eta: 1:10:51, time: 0.465, data_time: 0.017, memory: 3315, loss_cls: 0.0415, loss_bbox: 0.0531, loss: 0.0947
2020-04-30 00:14:23,474 - mmdet - INFO - Epoch [17][500/608]	lr: 0.00005, eta: 1:10:29, time: 0.470, data_time: 0.017, memory: 3315, loss_cls: 0.0422, loss_bbox: 0.0511, loss: 0.0933
2020-04-30 00:14:47,036 - mmdet - INFO - Epoch [17][550/608]	lr: 0.00005, eta: 1:10:06, time: 0.471, data_time: 0.018, memory: 3315, loss_cls: 0.0459, loss_bbox: 0.0537, loss: 0.0995
2020-04-30 00:15:09,928 - mmdet - INFO - Epoch [17][600/608]	lr: 0.00005, eta: 1:09:43, time: 0.458, data_time: 0.017, memory: 3315, loss_cls: 0.0424, loss_bbox: 0.0531, loss: 0.0956
2020-04-30 00:15:37,760 - mmdet - INFO - Epoch [18][50/608]	lr: 0.00005, eta: 1:09:14, time: 0.477, data_time: 0.035, memory: 3315, loss_cls: 0.0476, loss_bbox: 0.0528, loss: 0.1005
2020-04-30 00:16:01,199 - mmdet - INFO - Epoch [18][100/608]	lr: 0.00005, eta: 1:08:52, time: 0.469, data_time: 0.016, memory: 3315, loss_cls: 0.0384, loss_bbox: 0.0479, loss: 0.0864
2020-04-30 00:16:24,656 - mmdet - INFO - Epoch [18][150/608]	lr: 0.00005, eta: 1:08:29, time: 0.469, data_time: 0.017, memory: 3315, loss_cls: 0.0460, loss_bbox: 0.0516, loss: 0.0977
2020-04-30 00:16:47,466 - mmdet - INFO - Epoch [18][200/608]	lr: 0.00005, eta: 1:08:06, time: 0.456, data_time: 0.016, memory: 3315, loss_cls: 0.0432, loss_bbox: 0.0533, loss: 0.0966
2020-04-30 00:17:10,920 - mmdet - INFO - Epoch [18][250/608]	lr: 0.00005, eta: 1:07:44, time: 0.469, data_time: 0.017, memory: 3315, loss_cls: 0.0483, loss_bbox: 0.0537, loss: 0.1021
2020-04-30 00:17:34,124 - mmdet - INFO - Epoch [18][300/608]	lr: 0.00005, eta: 1:07:21, time: 0.464, data_time: 0.017, memory: 3315, loss_cls: 0.0437, loss_bbox: 0.0497, loss: 0.0934
2020-04-30 00:17:57,534 - mmdet - INFO - Epoch [18][350/608]	lr: 0.00005, eta: 1:06:59, time: 0.468, data_time: 0.016, memory: 3315, loss_cls: 0.0408, loss_bbox: 0.0489, loss: 0.0897
2020-04-30 00:18:20,148 - mmdet - INFO - Epoch [18][400/608]	lr: 0.00005, eta: 1:06:36, time: 0.452, data_time: 0.016, memory: 3315, loss_cls: 0.0416, loss_bbox: 0.0513, loss: 0.0929
2020-04-30 00:18:42,998 - mmdet - INFO - Epoch [18][450/608]	lr: 0.00005, eta: 1:06:13, time: 0.457, data_time: 0.016, memory: 3315, loss_cls: 0.0408, loss_bbox: 0.0500, loss: 0.0908
2020-04-30 00:19:05,849 - mmdet - INFO - Epoch [18][500/608]	lr: 0.00005, eta: 1:05:50, time: 0.457, data_time: 0.016, memory: 3315, loss_cls: 0.0399, loss_bbox: 0.0530, loss: 0.0929
2020-04-30 00:19:28,945 - mmdet - INFO - Epoch [18][550/608]	lr: 0.00005, eta: 1:05:27, time: 0.462, data_time: 0.016, memory: 3315, loss_cls: 0.0411, loss_bbox: 0.0481, loss: 0.0891
2020-04-30 00:19:51,972 - mmdet - INFO - Epoch [18][600/608]	lr: 0.00005, eta: 1:05:04, time: 0.461, data_time: 0.016, memory: 3315, loss_cls: 0.0422, loss_bbox: 0.0500, loss: 0.0921
2020-04-30 00:20:19,789 - mmdet - INFO - Epoch [19][50/608]	lr: 0.00005, eta: 1:04:35, time: 0.477, data_time: 0.036, memory: 3315, loss_cls: 0.0438, loss_bbox: 0.0501, loss: 0.0939
2020-04-30 00:20:42,462 - mmdet - INFO - Epoch [19][100/608]	lr: 0.00005, eta: 1:04:12, time: 0.453, data_time: 0.016, memory: 3315, loss_cls: 0.0395, loss_bbox: 0.0479, loss: 0.0874
2020-04-30 00:21:06,486 - mmdet - INFO - Epoch [19][150/608]	lr: 0.00005, eta: 1:03:50, time: 0.480, data_time: 0.017, memory: 3315, loss_cls: 0.0441, loss_bbox: 0.0520, loss: 0.0961
2020-04-30 00:21:29,102 - mmdet - INFO - Epoch [19][200/608]	lr: 0.00005, eta: 1:03:27, time: 0.452, data_time: 0.016, memory: 3315, loss_cls: 0.0430, loss_bbox: 0.0529, loss: 0.0958
2020-04-30 00:21:52,871 - mmdet - INFO - Epoch [19][250/608]	lr: 0.00005, eta: 1:03:05, time: 0.475, data_time: 0.018, memory: 3315, loss_cls: 0.0443, loss_bbox: 0.0493, loss: 0.0936
2020-04-30 00:22:16,291 - mmdet - INFO - Epoch [19][300/608]	lr: 0.00005, eta: 1:02:42, time: 0.468, data_time: 0.017, memory: 3315, loss_cls: 0.0425, loss_bbox: 0.0496, loss: 0.0920
2020-04-30 00:22:39,226 - mmdet - INFO - Epoch [19][350/608]	lr: 0.00005, eta: 1:02:20, time: 0.459, data_time: 0.017, memory: 3315, loss_cls: 0.0391, loss_bbox: 0.0479, loss: 0.0870
2020-04-30 00:23:02,803 - mmdet - INFO - Epoch [19][400/608]	lr: 0.00005, eta: 1:01:57, time: 0.472, data_time: 0.017, memory: 3315, loss_cls: 0.0432, loss_bbox: 0.0531, loss: 0.0963
2020-04-30 00:23:25,442 - mmdet - INFO - Epoch [19][450/608]	lr: 0.00005, eta: 1:01:34, time: 0.453, data_time: 0.017, memory: 3315, loss_cls: 0.0418, loss_bbox: 0.0496, loss: 0.0914
2020-04-30 00:23:48,830 - mmdet - INFO - Epoch [19][500/608]	lr: 0.00005, eta: 1:01:11, time: 0.468, data_time: 0.018, memory: 3315, loss_cls: 0.0400, loss_bbox: 0.0502, loss: 0.0902
2020-04-30 00:24:10,998 - mmdet - INFO - Epoch [19][550/608]	lr: 0.00005, eta: 1:00:48, time: 0.443, data_time: 0.016, memory: 3315, loss_cls: 0.0458, loss_bbox: 0.0523, loss: 0.0981
2020-04-30 00:24:33,331 - mmdet - INFO - Epoch [19][600/608]	lr: 0.00005, eta: 1:00:25, time: 0.447, data_time: 0.018, memory: 3315, loss_cls: 0.0435, loss_bbox: 0.0526, loss: 0.0961
2020-04-30 00:25:00,955 - mmdet - INFO - Epoch [20][50/608]	lr: 0.00005, eta: 0:59:56, time: 0.472, data_time: 0.038, memory: 3315, loss_cls: 0.0425, loss_bbox: 0.0501, loss: 0.0926
2020-04-30 00:25:22,512 - mmdet - INFO - Epoch [20][100/608]	lr: 0.00005, eta: 0:59:32, time: 0.431, data_time: 0.015, memory: 3315, loss_cls: 0.0419, loss_bbox: 0.0521, loss: 0.0940
2020-04-30 00:25:44,949 - mmdet - INFO - Epoch [20][150/608]	lr: 0.00005, eta: 0:59:09, time: 0.449, data_time: 0.018, memory: 3315, loss_cls: 0.0387, loss_bbox: 0.0515, loss: 0.0902
2020-04-30 00:26:07,193 - mmdet - INFO - Epoch [20][200/608]	lr: 0.00005, eta: 0:58:46, time: 0.445, data_time: 0.017, memory: 3315, loss_cls: 0.0443, loss_bbox: 0.0513, loss: 0.0956
2020-04-30 00:26:29,170 - mmdet - INFO - Epoch [20][250/608]	lr: 0.00005, eta: 0:58:22, time: 0.440, data_time: 0.016, memory: 3315, loss_cls: 0.0431, loss_bbox: 0.0506, loss: 0.0937
2020-04-30 00:26:52,010 - mmdet - INFO - Epoch [20][300/608]	lr: 0.00005, eta: 0:57:59, time: 0.457, data_time: 0.020, memory: 3315, loss_cls: 0.0424, loss_bbox: 0.0520, loss: 0.0944
2020-04-30 00:27:13,698 - mmdet - INFO - Epoch [20][350/608]	lr: 0.00005, eta: 0:57:36, time: 0.434, data_time: 0.015, memory: 3315, loss_cls: 0.0398, loss_bbox: 0.0501, loss: 0.0899
2020-04-30 00:27:35,954 - mmdet - INFO - Epoch [20][400/608]	lr: 0.00005, eta: 0:57:12, time: 0.445, data_time: 0.018, memory: 3315, loss_cls: 0.0400, loss_bbox: 0.0484, loss: 0.0885
2020-04-30 00:27:58,705 - mmdet - INFO - Epoch [20][450/608]	lr: 0.00005, eta: 0:56:50, time: 0.455, data_time: 0.019, memory: 3315, loss_cls: 0.0412, loss_bbox: 0.0484, loss: 0.0896
2020-04-30 00:28:20,479 - mmdet - INFO - Epoch [20][500/608]	lr: 0.00005, eta: 0:56:26, time: 0.435, data_time: 0.016, memory: 3315, loss_cls: 0.0449, loss_bbox: 0.0515, loss: 0.0964
2020-04-30 00:28:43,018 - mmdet - INFO - Epoch [20][550/608]	lr: 0.00005, eta: 0:56:03, time: 0.451, data_time: 0.019, memory: 3315, loss_cls: 0.0450, loss_bbox: 0.0508, loss: 0.0958
2020-04-30 00:29:05,082 - mmdet - INFO - Epoch [20][600/608]	lr: 0.00005, eta: 0:55:40, time: 0.441, data_time: 0.017, memory: 3315, loss_cls: 0.0456, loss_bbox: 0.0521, loss: 0.0977
2020-04-30 00:29:33,224 - mmdet - INFO - Epoch [21][50/608]	lr: 0.00005, eta: 0:55:12, time: 0.482, data_time: 0.036, memory: 3315, loss_cls: 0.0462, loss_bbox: 0.0536, loss: 0.0998
2020-04-30 00:29:56,586 - mmdet - INFO - Epoch [21][100/608]	lr: 0.00005, eta: 0:54:49, time: 0.467, data_time: 0.017, memory: 3315, loss_cls: 0.0421, loss_bbox: 0.0490, loss: 0.0912
2020-04-30 00:30:19,942 - mmdet - INFO - Epoch [21][150/608]	lr: 0.00005, eta: 0:54:26, time: 0.467, data_time: 0.016, memory: 3315, loss_cls: 0.0400, loss_bbox: 0.0496, loss: 0.0896
2020-04-30 00:30:43,021 - mmdet - INFO - Epoch [21][200/608]	lr: 0.00005, eta: 0:54:04, time: 0.462, data_time: 0.016, memory: 3315, loss_cls: 0.0375, loss_bbox: 0.0469, loss: 0.0843
2020-04-30 00:31:06,273 - mmdet - INFO - Epoch [21][250/608]	lr: 0.00005, eta: 0:53:41, time: 0.465, data_time: 0.017, memory: 3315, loss_cls: 0.0431, loss_bbox: 0.0512, loss: 0.0943
2020-04-30 00:31:29,218 - mmdet - INFO - Epoch [21][300/608]	lr: 0.00005, eta: 0:53:18, time: 0.459, data_time: 0.016, memory: 3315, loss_cls: 0.0393, loss_bbox: 0.0477, loss: 0.0870
2020-04-30 00:31:52,390 - mmdet - INFO - Epoch [21][350/608]	lr: 0.00005, eta: 0:52:56, time: 0.463, data_time: 0.016, memory: 3315, loss_cls: 0.0454, loss_bbox: 0.0521, loss: 0.0975
2020-04-30 00:32:15,691 - mmdet - INFO - Epoch [21][400/608]	lr: 0.00005, eta: 0:52:33, time: 0.466, data_time: 0.017, memory: 3315, loss_cls: 0.0454, loss_bbox: 0.0551, loss: 0.1005
2020-04-30 00:32:38,832 - mmdet - INFO - Epoch [21][450/608]	lr: 0.00005, eta: 0:52:10, time: 0.463, data_time: 0.017, memory: 3315, loss_cls: 0.0403, loss_bbox: 0.0506, loss: 0.0908
2020-04-30 00:33:02,043 - mmdet - INFO - Epoch [21][500/608]	lr: 0.00005, eta: 0:51:48, time: 0.464, data_time: 0.017, memory: 3315, loss_cls: 0.0410, loss_bbox: 0.0513, loss: 0.0923
2020-04-30 00:33:24,857 - mmdet - INFO - Epoch [21][550/608]	lr: 0.00005, eta: 0:51:25, time: 0.456, data_time: 0.016, memory: 3315, loss_cls: 0.0437, loss_bbox: 0.0525, loss: 0.0961
2020-04-30 00:33:47,608 - mmdet - INFO - Epoch [21][600/608]	lr: 0.00005, eta: 0:51:02, time: 0.455, data_time: 0.016, memory: 3315, loss_cls: 0.0368, loss_bbox: 0.0450, loss: 0.0818
2020-04-30 00:34:15,442 - mmdet - INFO - Epoch [22][50/608]	lr: 0.00005, eta: 0:50:34, time: 0.477, data_time: 0.037, memory: 3315, loss_cls: 0.0383, loss_bbox: 0.0501, loss: 0.0884
2020-04-30 00:34:37,879 - mmdet - INFO - Epoch [22][100/608]	lr: 0.00005, eta: 0:50:11, time: 0.449, data_time: 0.016, memory: 3315, loss_cls: 0.0397, loss_bbox: 0.0483, loss: 0.0881
2020-04-30 00:35:00,927 - mmdet - INFO - Epoch [22][150/608]	lr: 0.00005, eta: 0:49:48, time: 0.461, data_time: 0.017, memory: 3315, loss_cls: 0.0430, loss_bbox: 0.0523, loss: 0.0953
2020-04-30 00:35:23,882 - mmdet - INFO - Epoch [22][200/608]	lr: 0.00005, eta: 0:49:25, time: 0.459, data_time: 0.016, memory: 3315, loss_cls: 0.0417, loss_bbox: 0.0528, loss: 0.0944
2020-04-30 00:35:47,045 - mmdet - INFO - Epoch [22][250/608]	lr: 0.00005, eta: 0:49:02, time: 0.463, data_time: 0.016, memory: 3315, loss_cls: 0.0400, loss_bbox: 0.0482, loss: 0.0881
2020-04-30 00:36:09,825 - mmdet - INFO - Epoch [22][300/608]	lr: 0.00005, eta: 0:48:40, time: 0.456, data_time: 0.016, memory: 3315, loss_cls: 0.0420, loss_bbox: 0.0491, loss: 0.0911
2020-04-30 00:36:32,956 - mmdet - INFO - Epoch [22][350/608]	lr: 0.00005, eta: 0:48:17, time: 0.463, data_time: 0.017, memory: 3315, loss_cls: 0.0381, loss_bbox: 0.0482, loss: 0.0863
2020-04-30 00:36:56,210 - mmdet - INFO - Epoch [22][400/608]	lr: 0.00005, eta: 0:47:54, time: 0.465, data_time: 0.016, memory: 3315, loss_cls: 0.0437, loss_bbox: 0.0498, loss: 0.0935
2020-04-30 00:37:19,709 - mmdet - INFO - Epoch [22][450/608]	lr: 0.00005, eta: 0:47:32, time: 0.470, data_time: 0.017, memory: 3315, loss_cls: 0.0404, loss_bbox: 0.0486, loss: 0.0891
2020-04-30 00:37:43,002 - mmdet - INFO - Epoch [22][500/608]	lr: 0.00005, eta: 0:47:09, time: 0.466, data_time: 0.017, memory: 3315, loss_cls: 0.0455, loss_bbox: 0.0542, loss: 0.0997
2020-04-30 00:38:06,423 - mmdet - INFO - Epoch [22][550/608]	lr: 0.00005, eta: 0:46:46, time: 0.468, data_time: 0.017, memory: 3315, loss_cls: 0.0407, loss_bbox: 0.0488, loss: 0.0895
2020-04-30 00:38:29,135 - mmdet - INFO - Epoch [22][600/608]	lr: 0.00005, eta: 0:46:23, time: 0.454, data_time: 0.017, memory: 3315, loss_cls: 0.0476, loss_bbox: 0.0522, loss: 0.0998
2020-04-30 00:38:57,607 - mmdet - INFO - Epoch [23][50/608]	lr: 0.00005, eta: 0:45:56, time: 0.489, data_time: 0.037, memory: 3315, loss_cls: 0.0445, loss_bbox: 0.0498, loss: 0.0943
2020-04-30 00:39:20,572 - mmdet - INFO - Epoch [23][100/608]	lr: 0.00005, eta: 0:45:33, time: 0.459, data_time: 0.017, memory: 3315, loss_cls: 0.0431, loss_bbox: 0.0503, loss: 0.0934
2020-04-30 00:39:44,327 - mmdet - INFO - Epoch [23][150/608]	lr: 0.00005, eta: 0:45:11, time: 0.475, data_time: 0.018, memory: 3315, loss_cls: 0.0393, loss_bbox: 0.0481, loss: 0.0874
2020-04-30 00:40:07,891 - mmdet - INFO - Epoch [23][200/608]	lr: 0.00005, eta: 0:44:48, time: 0.471, data_time: 0.017, memory: 3315, loss_cls: 0.0443, loss_bbox: 0.0523, loss: 0.0966
2020-04-30 00:40:30,881 - mmdet - INFO - Epoch [23][250/608]	lr: 0.00005, eta: 0:44:25, time: 0.460, data_time: 0.016, memory: 3315, loss_cls: 0.0427, loss_bbox: 0.0511, loss: 0.0938
2020-04-30 00:40:53,971 - mmdet - INFO - Epoch [23][300/608]	lr: 0.00005, eta: 0:44:03, time: 0.462, data_time: 0.016, memory: 3315, loss_cls: 0.0442, loss_bbox: 0.0538, loss: 0.0980
2020-04-30 00:41:17,359 - mmdet - INFO - Epoch [23][350/608]	lr: 0.00005, eta: 0:43:40, time: 0.468, data_time: 0.017, memory: 3315, loss_cls: 0.0427, loss_bbox: 0.0525, loss: 0.0952
2020-04-30 00:41:40,898 - mmdet - INFO - Epoch [23][400/608]	lr: 0.00005, eta: 0:43:17, time: 0.471, data_time: 0.017, memory: 3315, loss_cls: 0.0380, loss_bbox: 0.0470, loss: 0.0850
2020-04-30 00:42:04,092 - mmdet - INFO - Epoch [23][450/608]	lr: 0.00005, eta: 0:42:55, time: 0.464, data_time: 0.017, memory: 3315, loss_cls: 0.0399, loss_bbox: 0.0505, loss: 0.0904
2020-04-30 00:42:27,605 - mmdet - INFO - Epoch [23][500/608]	lr: 0.00005, eta: 0:42:32, time: 0.470, data_time: 0.017, memory: 3315, loss_cls: 0.0350, loss_bbox: 0.0446, loss: 0.0796
2020-04-30 00:42:50,189 - mmdet - INFO - Epoch [23][550/608]	lr: 0.00005, eta: 0:42:09, time: 0.452, data_time: 0.016, memory: 3315, loss_cls: 0.0442, loss_bbox: 0.0497, loss: 0.0939
2020-04-30 00:43:12,467 - mmdet - INFO - Epoch [23][600/608]	lr: 0.00005, eta: 0:41:46, time: 0.446, data_time: 0.016, memory: 3315, loss_cls: 0.0434, loss_bbox: 0.0506, loss: 0.0940
2020-04-30 00:43:40,862 - mmdet - INFO - Epoch [24][50/608]	lr: 0.00005, eta: 0:41:19, time: 0.488, data_time: 0.037, memory: 3315, loss_cls: 0.0413, loss_bbox: 0.0495, loss: 0.0907
2020-04-30 00:44:04,436 - mmdet - INFO - Epoch [24][100/608]	lr: 0.00005, eta: 0:40:56, time: 0.471, data_time: 0.016, memory: 3315, loss_cls: 0.0421, loss_bbox: 0.0501, loss: 0.0922
2020-04-30 00:44:27,830 - mmdet - INFO - Epoch [24][150/608]	lr: 0.00005, eta: 0:40:33, time: 0.468, data_time: 0.017, memory: 3315, loss_cls: 0.0411, loss_bbox: 0.0538, loss: 0.0949
2020-04-30 00:44:50,735 - mmdet - INFO - Epoch [24][200/608]	lr: 0.00005, eta: 0:40:10, time: 0.458, data_time: 0.015, memory: 3315, loss_cls: 0.0413, loss_bbox: 0.0497, loss: 0.0910
2020-04-30 00:45:14,109 - mmdet - INFO - Epoch [24][250/608]	lr: 0.00005, eta: 0:39:48, time: 0.467, data_time: 0.017, memory: 3315, loss_cls: 0.0430, loss_bbox: 0.0502, loss: 0.0931
2020-04-30 00:45:36,977 - mmdet - INFO - Epoch [24][300/608]	lr: 0.00005, eta: 0:39:25, time: 0.457, data_time: 0.016, memory: 3315, loss_cls: 0.0441, loss_bbox: 0.0517, loss: 0.0958
2020-04-30 00:46:00,292 - mmdet - INFO - Epoch [24][350/608]	lr: 0.00005, eta: 0:39:02, time: 0.466, data_time: 0.017, memory: 3315, loss_cls: 0.0375, loss_bbox: 0.0477, loss: 0.0852
2020-04-30 00:46:23,390 - mmdet - INFO - Epoch [24][400/608]	lr: 0.00005, eta: 0:38:39, time: 0.462, data_time: 0.016, memory: 3315, loss_cls: 0.0443, loss_bbox: 0.0505, loss: 0.0948
2020-04-30 00:46:46,631 - mmdet - INFO - Epoch [24][450/608]	lr: 0.00005, eta: 0:38:17, time: 0.465, data_time: 0.017, memory: 3315, loss_cls: 0.0400, loss_bbox: 0.0503, loss: 0.0903
2020-04-30 00:47:09,522 - mmdet - INFO - Epoch [24][500/608]	lr: 0.00005, eta: 0:37:54, time: 0.458, data_time: 0.017, memory: 3315, loss_cls: 0.0416, loss_bbox: 0.0498, loss: 0.0915
2020-04-30 00:47:32,708 - mmdet - INFO - Epoch [24][550/608]	lr: 0.00005, eta: 0:37:31, time: 0.464, data_time: 0.017, memory: 3315, loss_cls: 0.0367, loss_bbox: 0.0449, loss: 0.0816
2020-04-30 00:47:55,256 - mmdet - INFO - Epoch [24][600/608]	lr: 0.00005, eta: 0:37:08, time: 0.451, data_time: 0.017, memory: 3315, loss_cls: 0.0390, loss_bbox: 0.0487, loss: 0.0876
2020-04-30 00:48:23,653 - mmdet - INFO - Epoch [25][50/608]	lr: 0.00005, eta: 0:36:41, time: 0.488, data_time: 0.038, memory: 3315, loss_cls: 0.0380, loss_bbox: 0.0476, loss: 0.0856
2020-04-30 00:48:46,550 - mmdet - INFO - Epoch [25][100/608]	lr: 0.00005, eta: 0:36:18, time: 0.458, data_time: 0.016, memory: 3315, loss_cls: 0.0391, loss_bbox: 0.0478, loss: 0.0869
2020-04-30 00:49:10,135 - mmdet - INFO - Epoch [25][150/608]	lr: 0.00005, eta: 0:35:55, time: 0.472, data_time: 0.018, memory: 3315, loss_cls: 0.0393, loss_bbox: 0.0505, loss: 0.0897
2020-04-30 00:49:32,899 - mmdet - INFO - Epoch [25][200/608]	lr: 0.00005, eta: 0:35:32, time: 0.455, data_time: 0.016, memory: 3315, loss_cls: 0.0426, loss_bbox: 0.0514, loss: 0.0941
2020-04-30 00:49:56,347 - mmdet - INFO - Epoch [25][250/608]	lr: 0.00005, eta: 0:35:10, time: 0.469, data_time: 0.018, memory: 3315, loss_cls: 0.0385, loss_bbox: 0.0514, loss: 0.0899
2020-04-30 00:50:19,287 - mmdet - INFO - Epoch [25][300/608]	lr: 0.00005, eta: 0:34:47, time: 0.459, data_time: 0.017, memory: 3315, loss_cls: 0.0454, loss_bbox: 0.0490, loss: 0.0944
2020-04-30 00:50:42,866 - mmdet - INFO - Epoch [25][350/608]	lr: 0.00005, eta: 0:34:24, time: 0.472, data_time: 0.017, memory: 3315, loss_cls: 0.0427, loss_bbox: 0.0494, loss: 0.0922
2020-04-30 00:51:06,277 - mmdet - INFO - Epoch [25][400/608]	lr: 0.00005, eta: 0:34:02, time: 0.468, data_time: 0.017, memory: 3315, loss_cls: 0.0386, loss_bbox: 0.0504, loss: 0.0891
2020-04-30 00:51:29,735 - mmdet - INFO - Epoch [25][450/608]	lr: 0.00005, eta: 0:33:39, time: 0.469, data_time: 0.018, memory: 3315, loss_cls: 0.0429, loss_bbox: 0.0521, loss: 0.0950
2020-04-30 00:51:52,892 - mmdet - INFO - Epoch [25][500/608]	lr: 0.00005, eta: 0:33:16, time: 0.463, data_time: 0.018, memory: 3315, loss_cls: 0.0392, loss_bbox: 0.0462, loss: 0.0854
2020-04-30 00:52:15,696 - mmdet - INFO - Epoch [25][550/608]	lr: 0.00005, eta: 0:32:53, time: 0.456, data_time: 0.017, memory: 3315, loss_cls: 0.0417, loss_bbox: 0.0527, loss: 0.0944
2020-04-30 00:52:38,998 - mmdet - INFO - Epoch [25][600/608]	lr: 0.00005, eta: 0:32:30, time: 0.466, data_time: 0.019, memory: 3315, loss_cls: 0.0437, loss_bbox: 0.0496, loss: 0.0933
2020-04-30 00:53:06,754 - mmdet - INFO - Epoch [26][50/608]	lr: 0.00005, eta: 0:32:03, time: 0.475, data_time: 0.036, memory: 3315, loss_cls: 0.0376, loss_bbox: 0.0486, loss: 0.0862
2020-04-30 00:53:30,518 - mmdet - INFO - Epoch [26][100/608]	lr: 0.00005, eta: 0:31:40, time: 0.475, data_time: 0.017, memory: 3315, loss_cls: 0.0357, loss_bbox: 0.0441, loss: 0.0797
2020-04-30 00:53:52,714 - mmdet - INFO - Epoch [26][150/608]	lr: 0.00005, eta: 0:31:17, time: 0.444, data_time: 0.015, memory: 3315, loss_cls: 0.0423, loss_bbox: 0.0508, loss: 0.0930
2020-04-30 00:54:15,358 - mmdet - INFO - Epoch [26][200/608]	lr: 0.00005, eta: 0:30:54, time: 0.453, data_time: 0.018, memory: 3315, loss_cls: 0.0422, loss_bbox: 0.0537, loss: 0.0959
2020-04-30 00:54:37,918 - mmdet - INFO - Epoch [26][250/608]	lr: 0.00005, eta: 0:30:32, time: 0.451, data_time: 0.017, memory: 3315, loss_cls: 0.0419, loss_bbox: 0.0510, loss: 0.0930
2020-04-30 00:55:00,370 - mmdet - INFO - Epoch [26][300/608]	lr: 0.00005, eta: 0:30:09, time: 0.449, data_time: 0.017, memory: 3315, loss_cls: 0.0419, loss_bbox: 0.0492, loss: 0.0911
2020-04-30 00:55:22,474 - mmdet - INFO - Epoch [26][350/608]	lr: 0.00005, eta: 0:29:46, time: 0.442, data_time: 0.017, memory: 3315, loss_cls: 0.0397, loss_bbox: 0.0485, loss: 0.0882
2020-04-30 00:55:44,469 - mmdet - INFO - Epoch [26][400/608]	lr: 0.00005, eta: 0:29:22, time: 0.440, data_time: 0.017, memory: 3315, loss_cls: 0.0381, loss_bbox: 0.0465, loss: 0.0846
2020-04-30 00:56:06,850 - mmdet - INFO - Epoch [26][450/608]	lr: 0.00005, eta: 0:28:59, time: 0.448, data_time: 0.019, memory: 3315, loss_cls: 0.0439, loss_bbox: 0.0510, loss: 0.0949
2020-04-30 00:56:29,346 - mmdet - INFO - Epoch [26][500/608]	lr: 0.00005, eta: 0:28:37, time: 0.450, data_time: 0.018, memory: 3315, loss_cls: 0.0413, loss_bbox: 0.0517, loss: 0.0930
2020-04-30 00:56:51,255 - mmdet - INFO - Epoch [26][550/608]	lr: 0.00005, eta: 0:28:13, time: 0.438, data_time: 0.017, memory: 3315, loss_cls: 0.0428, loss_bbox: 0.0510, loss: 0.0939
2020-04-30 00:57:14,160 - mmdet - INFO - Epoch [26][600/608]	lr: 0.00005, eta: 0:27:51, time: 0.458, data_time: 0.020, memory: 3315, loss_cls: 0.0378, loss_bbox: 0.0468, loss: 0.0846
2020-04-30 00:57:42,265 - mmdet - INFO - Epoch [27][50/608]	lr: 0.00005, eta: 0:27:24, time: 0.481, data_time: 0.035, memory: 3315, loss_cls: 0.0406, loss_bbox: 0.0491, loss: 0.0897
2020-04-30 00:58:04,958 - mmdet - INFO - Epoch [27][100/608]	lr: 0.00005, eta: 0:27:01, time: 0.454, data_time: 0.015, memory: 3315, loss_cls: 0.0361, loss_bbox: 0.0458, loss: 0.0819
2020-04-30 00:58:27,473 - mmdet - INFO - Epoch [27][150/608]	lr: 0.00005, eta: 0:26:38, time: 0.450, data_time: 0.016, memory: 3315, loss_cls: 0.0419, loss_bbox: 0.0532, loss: 0.0951
2020-04-30 00:58:50,507 - mmdet - INFO - Epoch [27][200/608]	lr: 0.00005, eta: 0:26:15, time: 0.461, data_time: 0.017, memory: 3315, loss_cls: 0.0422, loss_bbox: 0.0520, loss: 0.0942
2020-04-30 00:59:13,753 - mmdet - INFO - Epoch [27][250/608]	lr: 0.00005, eta: 0:25:52, time: 0.465, data_time: 0.017, memory: 3315, loss_cls: 0.0405, loss_bbox: 0.0495, loss: 0.0900
2020-04-30 00:59:36,222 - mmdet - INFO - Epoch [27][300/608]	lr: 0.00005, eta: 0:25:29, time: 0.449, data_time: 0.015, memory: 3315, loss_cls: 0.0454, loss_bbox: 0.0502, loss: 0.0955
2020-04-30 00:59:58,978 - mmdet - INFO - Epoch [27][350/608]	lr: 0.00005, eta: 0:25:06, time: 0.455, data_time: 0.017, memory: 3315, loss_cls: 0.0420, loss_bbox: 0.0515, loss: 0.0935
2020-04-30 01:00:21,616 - mmdet - INFO - Epoch [27][400/608]	lr: 0.00005, eta: 0:24:43, time: 0.453, data_time: 0.016, memory: 3315, loss_cls: 0.0413, loss_bbox: 0.0498, loss: 0.0911
2020-04-30 01:00:44,344 - mmdet - INFO - Epoch [27][450/608]	lr: 0.00005, eta: 0:24:21, time: 0.455, data_time: 0.017, memory: 3315, loss_cls: 0.0410, loss_bbox: 0.0501, loss: 0.0912
2020-04-30 01:01:07,400 - mmdet - INFO - Epoch [27][500/608]	lr: 0.00005, eta: 0:23:58, time: 0.461, data_time: 0.017, memory: 3315, loss_cls: 0.0343, loss_bbox: 0.0450, loss: 0.0793
2020-04-30 01:01:30,365 - mmdet - INFO - Epoch [27][550/608]	lr: 0.00005, eta: 0:23:35, time: 0.459, data_time: 0.017, memory: 3315, loss_cls: 0.0409, loss_bbox: 0.0498, loss: 0.0907
2020-04-30 01:01:52,650 - mmdet - INFO - Epoch [27][600/608]	lr: 0.00005, eta: 0:23:12, time: 0.446, data_time: 0.016, memory: 3315, loss_cls: 0.0419, loss_bbox: 0.0499, loss: 0.0919
2020-04-30 01:02:20,043 - mmdet - INFO - Epoch [28][50/608]	lr: 0.00005, eta: 0:22:45, time: 0.468, data_time: 0.036, memory: 3315, loss_cls: 0.0401, loss_bbox: 0.0492, loss: 0.0893
2020-04-30 01:02:43,240 - mmdet - INFO - Epoch [28][100/608]	lr: 0.00005, eta: 0:22:22, time: 0.464, data_time: 0.019, memory: 3315, loss_cls: 0.0427, loss_bbox: 0.0527, loss: 0.0954
2020-04-30 01:03:04,633 - mmdet - INFO - Epoch [28][150/608]	lr: 0.00005, eta: 0:21:59, time: 0.428, data_time: 0.015, memory: 3315, loss_cls: 0.0429, loss_bbox: 0.0497, loss: 0.0926
2020-04-30 01:03:26,233 - mmdet - INFO - Epoch [28][200/608]	lr: 0.00005, eta: 0:21:36, time: 0.432, data_time: 0.016, memory: 3315, loss_cls: 0.0407, loss_bbox: 0.0491, loss: 0.0898
2020-04-30 01:03:48,645 - mmdet - INFO - Epoch [28][250/608]	lr: 0.00005, eta: 0:21:13, time: 0.448, data_time: 0.018, memory: 3315, loss_cls: 0.0400, loss_bbox: 0.0489, loss: 0.0889
2020-04-30 01:04:10,410 - mmdet - INFO - Epoch [28][300/608]	lr: 0.00005, eta: 0:20:50, time: 0.435, data_time: 0.016, memory: 3315, loss_cls: 0.0406, loss_bbox: 0.0491, loss: 0.0897
2020-04-30 01:04:33,113 - mmdet - INFO - Epoch [28][350/608]	lr: 0.00005, eta: 0:20:27, time: 0.454, data_time: 0.019, memory: 3315, loss_cls: 0.0389, loss_bbox: 0.0489, loss: 0.0878
2020-04-30 01:04:55,544 - mmdet - INFO - Epoch [28][400/608]	lr: 0.00005, eta: 0:20:04, time: 0.449, data_time: 0.017, memory: 3315, loss_cls: 0.0344, loss_bbox: 0.0481, loss: 0.0825
2020-04-30 01:05:17,534 - mmdet - INFO - Epoch [28][450/608]	lr: 0.00005, eta: 0:19:42, time: 0.440, data_time: 0.017, memory: 3315, loss_cls: 0.0420, loss_bbox: 0.0475, loss: 0.0895
2020-04-30 01:05:39,881 - mmdet - INFO - Epoch [28][500/608]	lr: 0.00005, eta: 0:19:19, time: 0.447, data_time: 0.018, memory: 3315, loss_cls: 0.0391, loss_bbox: 0.0490, loss: 0.0881
2020-04-30 01:06:01,695 - mmdet - INFO - Epoch [28][550/608]	lr: 0.00005, eta: 0:18:56, time: 0.436, data_time: 0.017, memory: 3315, loss_cls: 0.0357, loss_bbox: 0.0463, loss: 0.0820
2020-04-30 01:06:23,905 - mmdet - INFO - Epoch [28][600/608]	lr: 0.00005, eta: 0:18:33, time: 0.444, data_time: 0.018, memory: 3315, loss_cls: 0.0449, loss_bbox: 0.0528, loss: 0.0977
2020-04-30 01:06:52,236 - mmdet - INFO - Epoch [29][50/608]	lr: 0.00005, eta: 0:18:06, time: 0.486, data_time: 0.037, memory: 3315, loss_cls: 0.0390, loss_bbox: 0.0476, loss: 0.0866
2020-04-30 01:07:15,085 - mmdet - INFO - Epoch [29][100/608]	lr: 0.00005, eta: 0:17:43, time: 0.457, data_time: 0.016, memory: 3315, loss_cls: 0.0361, loss_bbox: 0.0471, loss: 0.0831
2020-04-30 01:07:37,960 - mmdet - INFO - Epoch [29][150/608]	lr: 0.00005, eta: 0:17:20, time: 0.457, data_time: 0.017, memory: 3315, loss_cls: 0.0422, loss_bbox: 0.0488, loss: 0.0910
2020-04-30 01:08:00,774 - mmdet - INFO - Epoch [29][200/608]	lr: 0.00005, eta: 0:16:58, time: 0.456, data_time: 0.017, memory: 3315, loss_cls: 0.0335, loss_bbox: 0.0451, loss: 0.0786
2020-04-30 01:08:23,817 - mmdet - INFO - Epoch [29][250/608]	lr: 0.00005, eta: 0:16:35, time: 0.461, data_time: 0.018, memory: 3315, loss_cls: 0.0329, loss_bbox: 0.0440, loss: 0.0769
2020-04-30 01:08:47,009 - mmdet - INFO - Epoch [29][300/608]	lr: 0.00005, eta: 0:16:12, time: 0.464, data_time: 0.017, memory: 3315, loss_cls: 0.0414, loss_bbox: 0.0502, loss: 0.0917
2020-04-30 01:09:09,926 - mmdet - INFO - Epoch [29][350/608]	lr: 0.00005, eta: 0:15:49, time: 0.458, data_time: 0.017, memory: 3315, loss_cls: 0.0437, loss_bbox: 0.0524, loss: 0.0961
2020-04-30 01:09:32,495 - mmdet - INFO - Epoch [29][400/608]	lr: 0.00005, eta: 0:15:26, time: 0.451, data_time: 0.016, memory: 3315, loss_cls: 0.0397, loss_bbox: 0.0528, loss: 0.0925
2020-04-30 01:09:55,223 - mmdet - INFO - Epoch [29][450/608]	lr: 0.00005, eta: 0:15:04, time: 0.455, data_time: 0.017, memory: 3315, loss_cls: 0.0382, loss_bbox: 0.0473, loss: 0.0856
2020-04-30 01:10:18,206 - mmdet - INFO - Epoch [29][500/608]	lr: 0.00005, eta: 0:14:41, time: 0.460, data_time: 0.018, memory: 3315, loss_cls: 0.0436, loss_bbox: 0.0517, loss: 0.0953
2020-04-30 01:10:41,254 - mmdet - INFO - Epoch [29][550/608]	lr: 0.00005, eta: 0:14:18, time: 0.461, data_time: 0.017, memory: 3315, loss_cls: 0.0448, loss_bbox: 0.0527, loss: 0.0975
2020-04-30 01:11:03,492 - mmdet - INFO - Epoch [29][600/608]	lr: 0.00005, eta: 0:13:55, time: 0.445, data_time: 0.016, memory: 3315, loss_cls: 0.0401, loss_bbox: 0.0495, loss: 0.0897
2020-04-30 01:11:32,023 - mmdet - INFO - Epoch [30][50/608]	lr: 0.00005, eta: 0:13:29, time: 0.490, data_time: 0.037, memory: 3315, loss_cls: 0.0365, loss_bbox: 0.0464, loss: 0.0829
2020-04-30 01:11:55,023 - mmdet - INFO - Epoch [30][100/608]	lr: 0.00005, eta: 0:13:06, time: 0.460, data_time: 0.017, memory: 3315, loss_cls: 0.0390, loss_bbox: 0.0461, loss: 0.0851
2020-04-30 01:12:18,269 - mmdet - INFO - Epoch [30][150/608]	lr: 0.00005, eta: 0:12:43, time: 0.465, data_time: 0.016, memory: 3315, loss_cls: 0.0405, loss_bbox: 0.0494, loss: 0.0899
2020-04-30 01:12:41,515 - mmdet - INFO - Epoch [30][200/608]	lr: 0.00005, eta: 0:12:20, time: 0.465, data_time: 0.017, memory: 3315, loss_cls: 0.0384, loss_bbox: 0.0468, loss: 0.0852
2020-04-30 01:13:04,784 - mmdet - INFO - Epoch [30][250/608]	lr: 0.00005, eta: 0:11:57, time: 0.465, data_time: 0.016, memory: 3315, loss_cls: 0.0392, loss_bbox: 0.0483, loss: 0.0875
2020-04-30 01:13:28,004 - mmdet - INFO - Epoch [30][300/608]	lr: 0.00005, eta: 0:11:35, time: 0.464, data_time: 0.017, memory: 3315, loss_cls: 0.0353, loss_bbox: 0.0505, loss: 0.0858
2020-04-30 01:13:50,890 - mmdet - INFO - Epoch [30][350/608]	lr: 0.00005, eta: 0:11:12, time: 0.458, data_time: 0.016, memory: 3315, loss_cls: 0.0401, loss_bbox: 0.0499, loss: 0.0900
2020-04-30 01:14:14,126 - mmdet - INFO - Epoch [30][400/608]	lr: 0.00005, eta: 0:10:49, time: 0.465, data_time: 0.017, memory: 3315, loss_cls: 0.0407, loss_bbox: 0.0505, loss: 0.0912
2020-04-30 01:14:36,870 - mmdet - INFO - Epoch [30][450/608]	lr: 0.00005, eta: 0:10:26, time: 0.455, data_time: 0.016, memory: 3315, loss_cls: 0.0427, loss_bbox: 0.0529, loss: 0.0956
2020-04-30 01:15:00,132 - mmdet - INFO - Epoch [30][500/608]	lr: 0.00005, eta: 0:10:04, time: 0.465, data_time: 0.017, memory: 3315, loss_cls: 0.0440, loss_bbox: 0.0485, loss: 0.0925
2020-04-30 01:15:23,282 - mmdet - INFO - Epoch [30][550/608]	lr: 0.00005, eta: 0:09:41, time: 0.463, data_time: 0.016, memory: 3315, loss_cls: 0.0391, loss_bbox: 0.0480, loss: 0.0871
2020-04-30 01:15:46,088 - mmdet - INFO - Epoch [30][600/608]	lr: 0.00005, eta: 0:09:18, time: 0.456, data_time: 0.017, memory: 3315, loss_cls: 0.0367, loss_bbox: 0.0497, loss: 0.0864
2020-04-30 01:16:15,180 - mmdet - INFO - Epoch [31][50/608]	lr: 0.00005, eta: 0:08:51, time: 0.501, data_time: 0.038, memory: 3315, loss_cls: 0.0407, loss_bbox: 0.0503, loss: 0.0910
2020-04-30 01:16:38,327 - mmdet - INFO - Epoch [31][100/608]	lr: 0.00005, eta: 0:08:29, time: 0.463, data_time: 0.016, memory: 3315, loss_cls: 0.0360, loss_bbox: 0.0467, loss: 0.0828
2020-04-30 01:17:01,646 - mmdet - INFO - Epoch [31][150/608]	lr: 0.00005, eta: 0:08:06, time: 0.466, data_time: 0.016, memory: 3315, loss_cls: 0.0354, loss_bbox: 0.0466, loss: 0.0820
2020-04-30 01:17:24,978 - mmdet - INFO - Epoch [31][200/608]	lr: 0.00005, eta: 0:07:43, time: 0.467, data_time: 0.017, memory: 3315, loss_cls: 0.0394, loss_bbox: 0.0468, loss: 0.0863
2020-04-30 01:17:47,911 - mmdet - INFO - Epoch [31][250/608]	lr: 0.00005, eta: 0:07:20, time: 0.459, data_time: 0.016, memory: 3315, loss_cls: 0.0394, loss_bbox: 0.0474, loss: 0.0868
2020-04-30 01:18:11,097 - mmdet - INFO - Epoch [31][300/608]	lr: 0.00005, eta: 0:06:57, time: 0.464, data_time: 0.017, memory: 3315, loss_cls: 0.0425, loss_bbox: 0.0537, loss: 0.0962
2020-04-30 01:18:34,322 - mmdet - INFO - Epoch [31][350/608]	lr: 0.00005, eta: 0:06:35, time: 0.464, data_time: 0.016, memory: 3315, loss_cls: 0.0411, loss_bbox: 0.0483, loss: 0.0893
2020-04-30 01:18:57,574 - mmdet - INFO - Epoch [31][400/608]	lr: 0.00005, eta: 0:06:12, time: 0.465, data_time: 0.016, memory: 3315, loss_cls: 0.0380, loss_bbox: 0.0485, loss: 0.0865
2020-04-30 01:19:21,031 - mmdet - INFO - Epoch [31][450/608]	lr: 0.00005, eta: 0:05:49, time: 0.469, data_time: 0.017, memory: 3315, loss_cls: 0.0423, loss_bbox: 0.0541, loss: 0.0964
2020-04-30 01:19:44,182 - mmdet - INFO - Epoch [31][500/608]	lr: 0.00005, eta: 0:05:26, time: 0.463, data_time: 0.017, memory: 3315, loss_cls: 0.0358, loss_bbox: 0.0448, loss: 0.0806
2020-04-30 01:20:07,489 - mmdet - INFO - Epoch [31][550/608]	lr: 0.00005, eta: 0:05:03, time: 0.466, data_time: 0.018, memory: 3315, loss_cls: 0.0425, loss_bbox: 0.0510, loss: 0.0935
2020-04-30 01:20:29,962 - mmdet - INFO - Epoch [31][600/608]	lr: 0.00005, eta: 0:04:41, time: 0.449, data_time: 0.016, memory: 3315, loss_cls: 0.0371, loss_bbox: 0.0483, loss: 0.0854
2020-04-30 01:20:58,473 - mmdet - INFO - Epoch [32][50/608]	lr: 0.00005, eta: 0:04:14, time: 0.491, data_time: 0.037, memory: 3315, loss_cls: 0.0419, loss_bbox: 0.0500, loss: 0.0920
2020-04-30 01:21:21,339 - mmdet - INFO - Epoch [32][100/608]	lr: 0.00005, eta: 0:03:51, time: 0.457, data_time: 0.015, memory: 3315, loss_cls: 0.0426, loss_bbox: 0.0513, loss: 0.0939
2020-04-30 01:21:44,606 - mmdet - INFO - Epoch [32][150/608]	lr: 0.00005, eta: 0:03:28, time: 0.465, data_time: 0.017, memory: 3315, loss_cls: 0.0370, loss_bbox: 0.0496, loss: 0.0865
2020-04-30 01:22:07,263 - mmdet - INFO - Epoch [32][200/608]	lr: 0.00005, eta: 0:03:06, time: 0.453, data_time: 0.017, memory: 3315, loss_cls: 0.0379, loss_bbox: 0.0478, loss: 0.0857
2020-04-30 01:22:29,790 - mmdet - INFO - Epoch [32][250/608]	lr: 0.00005, eta: 0:02:43, time: 0.450, data_time: 0.017, memory: 3315, loss_cls: 0.0381, loss_bbox: 0.0452, loss: 0.0834
2020-04-30 01:22:52,644 - mmdet - INFO - Epoch [32][300/608]	lr: 0.00005, eta: 0:02:20, time: 0.457, data_time: 0.016, memory: 3315, loss_cls: 0.0358, loss_bbox: 0.0487, loss: 0.0845
2020-04-30 01:23:15,918 - mmdet - INFO - Epoch [32][350/608]	lr: 0.00005, eta: 0:01:57, time: 0.465, data_time: 0.017, memory: 3315, loss_cls: 0.0397, loss_bbox: 0.0505, loss: 0.0902
2020-04-30 01:23:39,589 - mmdet - INFO - Epoch [32][400/608]	lr: 0.00005, eta: 0:01:34, time: 0.473, data_time: 0.019, memory: 3315, loss_cls: 0.0349, loss_bbox: 0.0454, loss: 0.0802
2020-04-30 01:24:02,981 - mmdet - INFO - Epoch [32][450/608]	lr: 0.00005, eta: 0:01:12, time: 0.468, data_time: 0.018, memory: 3315, loss_cls: 0.0402, loss_bbox: 0.0485, loss: 0.0887
2020-04-30 01:24:26,503 - mmdet - INFO - Epoch [32][500/608]	lr: 0.00005, eta: 0:00:49, time: 0.470, data_time: 0.018, memory: 3315, loss_cls: 0.0432, loss_bbox: 0.0499, loss: 0.0931
2020-04-30 01:24:50,024 - mmdet - INFO - Epoch [32][550/608]	lr: 0.00005, eta: 0:00:26, time: 0.470, data_time: 0.017, memory: 3315, loss_cls: 0.0389, loss_bbox: 0.0481, loss: 0.0871
2020-04-30 01:25:13,181 - mmdet - INFO - Epoch [32][600/608]	lr: 0.00005, eta: 0:00:03, time: 0.463, data_time: 0.017, memory: 3315, loss_cls: 0.0381, loss_bbox: 0.0493, loss: 0.0874
